  Lab4.c
D:\Мои работы\ОАиП\MyLib\Библиотека\LibForMe.h(48,21): warning C4047: '!=': 'int' differs in levels of indirection from 'char [2]'
D:\Мои работы\ОАиП\MyLib\Библиотека\LibForMe.h(35,6): warning C4101: 'nat': unreferenced local variable
D:\Мои работы\ОАиП\MyLib\Библиотека\LibForMe.h(110,33): warning C4553: '==': result of expression not used; did you intend '='?
D:\Мои работы\ОАиП\Лабораторная работа №3-9\Лабораторная работа №4\Lab4.c(17,9): warning C4013: 'mainMenu' undefined; assuming extern returning int
D:\Мои работы\ОАиП\Лабораторная работа №3-9\Лабораторная работа №4\Lab4.c(28,6): warning C4013: 'inputNatural' undefined; assuming extern returning int
D:\Мои работы\ОАиП\Лабораторная работа №3-9\Лабораторная работа №4\Lab4.c(32,3): warning C4013: 'superMassive' undefined; assuming extern returning int
D:\Мои работы\ОАиП\Лабораторная работа №3-9\Лабораторная работа №4\Lab4.c(35,3): warning C4013: 'massiveXYZ' undefined; assuming extern returning int
D:\Мои работы\ОАиП\Лабораторная работа №3-9\Лабораторная работа №4\Lab4.c(98,18): warning C4244: '=': conversion from 'int' to 'float', possible loss of data
D:\Мои работы\ОАиП\Лабораторная работа №3-9\Лабораторная работа №4\Lab4.c(113,18): warning C4244: '=': conversion from 'int' to 'float', possible loss of data
D:\Мои работы\ОАиП\Лабораторная работа №3-9\Лабораторная работа №4\Lab4.c(110,15): warning C4244: 'initializing': conversion from 'float' to 'int', possible loss of data
D:\Мои работы\ОАиП\Лабораторная работа №3-9\Лабораторная работа №4\Lab4.c(119,16): warning C4244: 'initializing': conversion from 'float' to 'int', possible loss of data
D:\Мои работы\ОАиП\Лабораторная работа №3-9\Лабораторная работа №4\Lab4.c(161,2): warning C4013: 'rearrangeArray' undefined; assuming extern returning int
D:\Мои работы\ОАиП\Лабораторная работа №3-9\Лабораторная работа №4\Lab4.c(134,8): warning C4101: 'min': unreferenced local variable
D:\Мои работы\ОАиП\Лабораторная работа №3-9\Лабораторная работа №4\Lab4.c(182,19): warning C4244: '=': conversion from 'float' to 'int', possible loss of data
D:\Мои работы\ОАиП\Лабораторная работа №3-9\Лабораторная работа №4\Lab4.c(189,19): warning C4244: '=': conversion from 'float' to 'int', possible loss of data
D:\Мои работы\ОАиП\Лабораторная работа №3-9\Лабораторная работа №4\Lab4.c(195,16): warning C4244: '=': conversion from 'int' to 'float', possible loss of data
D:\Мои работы\ОАиП\Лабораторная работа №3-9\Лабораторная работа №4\Lab4.c(197): warning C4716: 'rearrangeArray': must return a value
D:\Мои работы\ОАиП\Лабораторная работа №3-9\Лабораторная работа №4\Lab4.c(234): warning C4715: 'inputInteger': not all control paths return a value
D:\Мои работы\ОАиП\Лабораторная работа №3-9\Лабораторная работа №4\Lab4.c(215): warning C4715: 'inputNatural': not all control paths return a value
D:\Мои работы\ОАиП\Лабораторная работа №3-9\Лабораторная работа №4\Lab4.c(129): warning C4716: 'superMassive': must return a value
  Лабораторная работа №4.vcxproj -> D:\Мои работы\ОАиП\Лабораторная работа №3-9\Debug\Лабораторная работа №4.exe
