  lab7.c
E:\Мои работы\ОАиП\MyLib\Библиотека\LibForMe.h(49,15): warning C4047: !=: "int" отличается по уровням косвенного обращения от "char [2]"
  (компиляция исходного файла "lab7.c")
  
E:\Мои работы\ОАиП\MyLib\Библиотека\LibForMe.h(35,6): warning C4101: nat: неиспользованная локальная переменная
  (компиляция исходного файла "lab7.c")
  
E:\Мои работы\ОАиП\MyLib\Библиотека\LibForMe.h(112,33): warning C4553: "==": результат выражения не используется; вы хотели использовать "="?
  (компиляция исходного файла "lab7.c")
  
E:\Мои работы\ОАиП\Лабораторная работа №3-9\Лабораторная работа №7\lab7.c(18,9): warning C4013: mainMenu: нет определения; предполагается "extern" с возвратом типа "int"
E:\Мои работы\ОАиП\Лабораторная работа №3-9\Лабораторная работа №7\lab7.c(29,6): warning C4013: inputNatural: нет определения; предполагается "extern" с возвратом типа "int"
E:\Мои работы\ОАиП\Лабораторная работа №3-9\Лабораторная работа №7\lab7.c(33,3): warning C4013: inclusiviness: нет определения; предполагается "extern" с возвратом типа "int"
E:\Мои работы\ОАиП\Лабораторная работа №3-9\Лабораторная работа №7\lab7.c(36,3): warning C4013: decryptor: нет определения; предполагается "extern" с возвратом типа "int"
E:\Мои работы\ОАиП\Лабораторная работа №3-9\Лабораторная работа №7\lab7.c(60,8): warning C4244: функция: преобразование "time_t" в "unsigned int", возможна потеря данных
E:\Мои работы\ОАиП\Лабораторная работа №3-9\Лабораторная работа №7\lab7.c(106,33): warning C4244: =: преобразование "int" в "float", возможна потеря данных
E:\Мои работы\ОАиП\Лабораторная работа №3-9\Лабораторная работа №7\lab7.c(129,2): warning C4013: removeRowsWithoutRepeats: нет определения; предполагается "extern" с возвратом типа "int"
E:\Мои работы\ОАиП\Лабораторная работа №3-9\Лабораторная работа №7\lab7.c(185,2): warning C4013: decryptMessage: нет определения; предполагается "extern" с возвратом типа "int"
E:\Мои работы\ОАиП\Лабораторная работа №3-9\Лабораторная работа №7\lab7.c(221,1): warning C4716: decryptMessage: должна возвращать значение
E:\Мои работы\ОАиП\Лабораторная работа №3-9\Лабораторная работа №7\lab7.c(167,1): warning C4716: removeRowsWithoutRepeats: должна возвращать значение
E:\Мои работы\ОАиП\Лабораторная работа №3-9\Лабораторная работа №7\lab7.c(240,1): warning C4715: inputNatural: значение возвращается не при всех путях выполнения
E:\Мои работы\ОАиП\Лабораторная работа №3-9\Лабораторная работа №7\lab7.c(259,1): warning C4715: inputInteger: значение возвращается не при всех путях выполнения
E:\Мои работы\ОАиП\Лабораторная работа №3-9\Лабораторная работа №7\lab7.c(191,1): warning C4716: decryptor: должна возвращать значение
  Лабораторная работа №7.vcxproj -> E:\Мои работы\ОАиП\Лабораторная работа №3-9\Debug\Лабораторная работа №7.exe
