  lab7.c
C:\Programming\BSUIRLabs\ОАиП\MyLib\Библиотека\LibForMe.h(30,6): warning C4101: nat: неиспользованная локальная переменная
  (компиляция исходного файла "lab7.c")
  
C:\Programming\BSUIRLabs\ОАиП\Лабораторная работа №3-9\Лабораторная работа №7\lab7.c(20,29): warning C4267: =: преобразование из "size_t" в "int"; возможна потеря данных
C:\Programming\BSUIRLabs\ОАиП\Лабораторная работа №3-9\Лабораторная работа №7\lab7.c(35,3): warning C4013: mainMenu: нет определения; предполагается "extern" с возвратом типа "int"
C:\Programming\BSUIRLabs\ОАиП\Лабораторная работа №3-9\Лабораторная работа №7\lab7.c(48,29): warning C4267: =: преобразование из "size_t" в "int"; возможна потеря данных
C:\Programming\BSUIRLabs\ОАиП\Лабораторная работа №3-9\Лабораторная работа №7\lab7.c(73,29): warning C4267: =: преобразование из "size_t" в "int"; возможна потеря данных
C:\Programming\BSUIRLabs\ОАиП\Лабораторная работа №3-9\Лабораторная работа №7\lab7.c(114,3): warning C4013: inclusiviness: нет определения; предполагается "extern" с возвратом типа "int"
C:\Programming\BSUIRLabs\ОАиП\Лабораторная работа №3-9\Лабораторная работа №7\lab7.c(117,3): warning C4013: decryptor: нет определения; предполагается "extern" с возвратом типа "int"
C:\Programming\BSUIRLabs\ОАиП\Лабораторная работа №3-9\Лабораторная работа №7\lab7.c(141,8): warning C4244: функция: преобразование "time_t" в "unsigned int", возможна потеря данных
C:\Programming\BSUIRLabs\ОАиП\Лабораторная работа №3-9\Лабораторная работа №7\lab7.c(174,33): warning C4244: =: преобразование "int" в "float", возможна потеря данных
C:\Programming\BSUIRLabs\ОАиП\Лабораторная работа №3-9\Лабораторная работа №7\lab7.c(197,2): warning C4013: removeRowsWithoutRepeats: нет определения; предполагается "extern" с возвратом типа "int"
C:\Programming\BSUIRLabs\ОАиП\Лабораторная работа №3-9\Лабораторная работа №7\lab7.c(137,8): warning C4101: input: неиспользованная локальная переменная
C:\Programming\BSUIRLabs\ОАиП\Лабораторная работа №3-9\Лабораторная работа №7\lab7.c(138,6): warning C4101: inputLength: неиспользованная локальная переменная
C:\Programming\BSUIRLabs\ОАиП\Лабораторная работа №3-9\Лабораторная работа №7\lab7.c(139,7): warning C4101: buff: неиспользованная локальная переменная
C:\Programming\BSUIRLabs\ОАиП\Лабораторная работа №3-9\Лабораторная работа №7\lab7.c(252,2): warning C4013: decryptMessage: нет определения; предполагается "extern" с возвратом типа "int"
C:\Programming\BSUIRLabs\ОАиП\Лабораторная работа №3-9\Лабораторная работа №7\lab7.c(235,1): warning C4716: removeRowsWithoutRepeats: должна возвращать значение
C:\Programming\BSUIRLabs\ОАиП\Лабораторная работа №3-9\Лабораторная работа №7\lab7.c(258,1): warning C4716: decryptor: должна возвращать значение
C:\Programming\BSUIRLabs\ОАиП\Лабораторная работа №3-9\Лабораторная работа №7\lab7.c(288,1): warning C4716: decryptMessage: должна возвращать значение
  Лабораторная работа №7.vcxproj -> C:\Programming\BSUIRLabs\ОАиП\Лабораторная работа №3-9\x64\Debug\Лабораторная работа №7.exe
