e:\мои работы\оаип\лабораторная работа №3-9\лабораторная работа №6\x64\debug\vc143.pdb
e:\мои работы\оаип\лабораторная работа №3-9\лабораторная работа №6\x64\debug\vc143.idb
e:\мои работы\оаип\лабораторная работа №3-9\лабораторная работа №6\x64\debug\lab6.obj
e:\мои работы\оаип\лабораторная работа №3-9\x64\debug\лабораторная работа №6.exe
e:\мои работы\оаип\лабораторная работа №3-9\x64\debug\лабораторная работа №6.pdb
e:\мои работы\оаип\лабораторная работа №3-9\лабораторная работа №6\x64\debug\лабораторная работа №6.ilk
c:\programming\bsuirlabs\оаип\лабораторная работа №3-9\лабораторная работа №6\x64\debug\lab6.obj
c:\programming\bsuirlabs\оаип\лабораторная работа №3-9\лабораторная работа №6\x64\debug\lab6.obj.enc
c:\programming\bsuirlabs\оаип\лабораторная работа №3-9\лабораторная работа №6\x64\debug\лабораторная работа №6.ilk
c:\programming\bsuirlabs\оаип\лабораторная работа №3-9\лабораторная работа №6\x64\debug\vc143.idb
c:\programming\bsuirlabs\оаип\лабораторная работа №3-9\лабораторная работа №6\x64\debug\vc143.pdb
c:\programming\bsuirlabs\оаип\лабораторная работа №3-9\x64\debug\лабораторная работа №6.pdb
c:\programming\bsuirlabs\оаип\лабораторная работа №3-9\x64\debug\лабораторная работа №6.exe
c:\programming\bsuirlabs\оаип\лабораторная работа №3-9\лабораторная работа №6\x64\debug\лаборато.2d294b03.tlog\cl.command.1.tlog
c:\programming\bsuirlabs\оаип\лабораторная работа №3-9\лабораторная работа №6\x64\debug\лаборато.2d294b03.tlog\cl.items.tlog
c:\programming\bsuirlabs\оаип\лабораторная работа №3-9\лабораторная работа №6\x64\debug\лаборато.2d294b03.tlog\cl.read.1.tlog
c:\programming\bsuirlabs\оаип\лабораторная работа №3-9\лабораторная работа №6\x64\debug\лаборато.2d294b03.tlog\cl.write.1.tlog
c:\programming\bsuirlabs\оаип\лабораторная работа №3-9\лабораторная работа №6\x64\debug\лаборато.2d294b03.tlog\link.command.1.tlog
c:\programming\bsuirlabs\оаип\лабораторная работа №3-9\лабораторная работа №6\x64\debug\лаборато.2d294b03.tlog\link.read.1.tlog
c:\programming\bsuirlabs\оаип\лабораторная работа №3-9\лабораторная работа №6\x64\debug\лаборато.2d294b03.tlog\link.secondary.1.tlog
c:\programming\bsuirlabs\оаип\лабораторная работа №3-9\лабораторная работа №6\x64\debug\лаборато.2d294b03.tlog\link.write.1.tlog
