C:\Program Files\Microsoft Visual Studio\2022\Community\MSBuild\Microsoft\VC\v170\Microsoft.CppBuild.targets(531,5): warning MSB8028: промежуточный каталог (x64\Debug\) содержит файлы, которые используются совместно с другим проектом (Лабораторные работы №3-9.vcxproj).  Это может привести к ошибкам очистки и перестроения.
  Lab3.c
C:\Programming\BSUIRLabs\ОАиП\MyLib\Библиотека\LibForMe.h(30,6): warning C4101: nat: неиспользованная локальная переменная
  (компиляция исходного файла "Lab3.c")
  
C:\Programming\BSUIRLabs\ОАиП\Лабораторная работа №1-9\Лабораторная работа №3\Lab3.c(15,29): warning C4267: =: преобразование из "size_t" в "int"; возможна потеря данных
C:\Programming\BSUIRLabs\ОАиП\Лабораторная работа №1-9\Лабораторная работа №3\Lab3.c(25,7): warning C4013: mainMenu: нет определения; предполагается "extern" с возвратом типа "int"
C:\Programming\BSUIRLabs\ОАиП\Лабораторная работа №1-9\Лабораторная работа №3\Lab3.c(50,3): warning C4013: gruzhchik: нет определения; предполагается "extern" с возвратом типа "int"
C:\Programming\BSUIRLabs\ОАиП\Лабораторная работа №1-9\Лабораторная работа №3\Lab3.c(53,3): warning C4013: s1mple1: нет определения; предполагается "extern" с возвратом типа "int"
C:\Programming\BSUIRLabs\ОАиП\Лабораторная работа №1-9\Лабораторная работа №3\Lab3.c(56,3): warning C4013: s1mple2: нет определения; предполагается "extern" с возвратом типа "int"
C:\Programming\BSUIRLabs\ОАиП\Лабораторная работа №1-9\Лабораторная работа №3\Lab3.c(59,3): warning C4013: s1mple3: нет определения; предполагается "extern" с возвратом типа "int"
C:\Programming\BSUIRLabs\ОАиП\Лабораторная работа №1-9\Лабораторная работа №3\Lab3.c(77,45): warning C4101: buf: неиспользованная локальная переменная
C:\Programming\BSUIRLabs\ОАиП\Лабораторная работа №1-9\Лабораторная работа №3\Lab3.c(77,35): warning C4101: y: неиспользованная локальная переменная
C:\Programming\BSUIRLabs\ОАиП\Лабораторная работа №1-9\Лабораторная работа №3\Lab3.c(77,32): warning C4101: x: неиспользованная локальная переменная
C:\Programming\BSUIRLabs\ОАиП\Лабораторная работа №1-9\Лабораторная работа №3\Lab3.c(105,16): warning C4101: buf: неиспользованная локальная переменная
C:\Programming\BSUIRLabs\ОАиП\Лабораторная работа №1-9\Лабораторная работа №3\Lab3.c(26,1): warning C4715: inputNatural: значение возвращается не при всех путях выполнения
C:\Programming\BSUIRLabs\ОАиП\Лабораторная работа №1-9\Лабораторная работа №3\Lab3.c(124,1): warning C4716: s1mple1: должна возвращать значение
C:\Programming\BSUIRLabs\ОАиП\Лабораторная работа №1-9\Лабораторная работа №3\Lab3.c(165,1): warning C4716: s1mple2: должна возвращать значение
C:\Programming\BSUIRLabs\ОАиП\Лабораторная работа №1-9\Лабораторная работа №3\Lab3.c(189,1): warning C4716: s1mple3: должна возвращать значение
C:\Programming\BSUIRLabs\ОАиП\Лабораторная работа №1-9\Лабораторная работа №3\Lab3.c(101,1): warning C4716: gruzhchik: должна возвращать значение
C:\Programming\BSUIRLabs\ОАиП\Лабораторная работа №1-9\Лабораторная работа №3\Lab3.c(175,1): error C4700: использована неинициализированная локальная переменная "i"
