  lab9.c
C:\Programming\BSUIRLabs\ОАиП\MyLib\Библиотека\LibForMe.h(30,6): warning C4101: nat: неиспользованная локальная переменная
  (компиляция исходного файла "lab9.c")
  
C:\Programming\BSUIRLabs\ОАиП\Лабораторная работа №3-9\Лабораторная работа №9\lab9.c(22,29): warning C4267: =: преобразование из "size_t" в "int"; возможна потеря данных
C:\Programming\BSUIRLabs\ОАиП\Лабораторная работа №3-9\Лабораторная работа №9\lab9.c(47,29): warning C4267: =: преобразование из "size_t" в "int"; возможна потеря данных
C:\Programming\BSUIRLabs\ОАиП\Лабораторная работа №3-9\Лабораторная работа №9\lab9.c(57,10): warning C4244: return: преобразование "double" в "int", возможна потеря данных
C:\Programming\BSUIRLabs\ОАиП\Лабораторная работа №3-9\Лабораторная работа №9\lab9.c(69,29): warning C4267: =: преобразование из "size_t" в "int"; возможна потеря данных
C:\Programming\BSUIRLabs\ОАиП\Лабораторная работа №3-9\Лабораторная работа №9\lab9.c(108,9): warning C4013: mainMenu: нет определения; предполагается "extern" с возвратом типа "int"
C:\Programming\BSUIRLabs\ОАиП\Лабораторная работа №3-9\Лабораторная работа №9\lab9.c(128,10): warning C4013: cinema: нет определения; предполагается "extern" с возвратом типа "int"
C:\Programming\BSUIRLabs\ОАиП\Лабораторная работа №3-9\Лабораторная работа №9\lab9.c(163,3): warning C4013: inputStruct: нет определения; предполагается "extern" с возвратом типа "int"
C:\Programming\BSUIRLabs\ОАиП\Лабораторная работа №3-9\Лабораторная работа №9\lab9.c(168,3): warning C4013: sorting: нет определения; предполагается "extern" с возвратом типа "int"
C:\Programming\BSUIRLabs\ОАиП\Лабораторная работа №3-9\Лабораторная работа №9\lab9.c(173,3): warning C4013: finder: нет определения; предполагается "extern" с возвратом типа "int"
C:\Programming\BSUIRLabs\ОАиП\Лабораторная работа №3-9\Лабораторная работа №9\lab9.c(178,3): warning C4013: remaking: нет определения; предполагается "extern" с возвратом типа "int"
C:\Programming\BSUIRLabs\ОАиП\Лабораторная работа №3-9\Лабораторная работа №9\lab9.c(183,3): warning C4013: deleting: нет определения; предполагается "extern" с возвратом типа "int"
C:\Programming\BSUIRLabs\ОАиП\Лабораторная работа №3-9\Лабораторная работа №9\lab9.c(188,3): warning C4013: outputStruct: нет определения; предполагается "extern" с возвратом типа "int"
C:\Programming\BSUIRLabs\ОАиП\Лабораторная работа №3-9\Лабораторная работа №9\lab9.c(193,3): warning C4013: deleteFile: нет определения; предполагается "extern" с возвратом типа "int"
C:\Programming\BSUIRLabs\ОАиП\Лабораторная работа №3-9\Лабораторная работа №9\lab9.c(474,14): warning C4244: инициализация: преобразование "float" в "int", возможна потеря данных
C:\Programming\BSUIRLabs\ОАиП\Лабораторная работа №3-9\Лабораторная работа №9\lab9.c(642,21): warning C4101: par: неиспользованная локальная переменная
C:\Programming\BSUIRLabs\ОАиП\Лабораторная работа №3-9\Лабораторная работа №9\lab9.c(300,1): warning C4715: inputStruct: значение возвращается не при всех путях выполнения
C:\Programming\BSUIRLabs\ОАиП\Лабораторная работа №3-9\Лабораторная работа №9\lab9.c(528,1): warning C4715: finder: значение возвращается не при всех путях выполнения
C:\Programming\BSUIRLabs\ОАиП\Лабораторная работа №3-9\Лабораторная работа №9\lab9.c(406,1): warning C4715: sorting: значение возвращается не при всех путях выполнения
C:\Programming\BSUIRLabs\ОАиП\Лабораторная работа №3-9\Лабораторная работа №9\lab9.c(638,1): warning C4715: remaking: значение возвращается не при всех путях выполнения
C:\Programming\BSUIRLabs\ОАиП\Лабораторная работа №3-9\Лабораторная работа №9\lab9.c(704,1): warning C4715: deleting: значение возвращается не при всех путях выполнения
C:\Programming\BSUIRLabs\ОАиП\Лабораторная работа №3-9\Лабораторная работа №9\lab9.c(744,1): warning C4715: outputStruct: значение возвращается не при всех путях выполнения
C:\Programming\BSUIRLabs\ОАиП\Лабораторная работа №3-9\Лабораторная работа №9\lab9.c(750,1): warning C4716: deleteFile: должна возвращать значение
  Лабораторная работа №9.vcxproj -> C:\Programming\BSUIRLabs\ОАиП\Лабораторная работа №3-9\x64\Debug\Лабораторная работа №9.exe
