  Lab4.c
E:\Мои работы\ОАиП\MyLib\Библиотека\LibForMe.h(27,3): warning C4047: return: "int" отличается по уровням косвенного обращения от "void *"
  (компиляция исходного файла "Lab4.c")
  
E:\Мои работы\ОАиП\MyLib\Библиотека\LibForMe.h(54,3): warning C4047: return: "int" отличается по уровням косвенного обращения от "void *"
  (компиляция исходного файла "Lab4.c")
  
E:\Мои работы\ОАиП\MyLib\Библиотека\LibForMe.h(83,3): warning C4047: return: "int" отличается по уровням косвенного обращения от "void *"
  (компиляция исходного файла "Lab4.c")
  
E:\Мои работы\ОАиП\MyLib\Библиотека\LibForMe.h(89,10): warning C4244: return: преобразование "float" в "int", возможна потеря данных
  (компиляция исходного файла "Lab4.c")
  
E:\Мои работы\ОАиП\Лабораторная работа №3-9\Лабораторная работа №4\Lab4.c(15,9): warning C4013: mainMenu: нет определения; предполагается "extern" с возвратом типа "int"
E:\Мои работы\ОАиП\Лабораторная работа №3-9\Лабораторная работа №4\Lab4.c(27,10): warning C4047: !=: "int" отличается по уровням косвенного обращения от "void *"
E:\Мои работы\ОАиП\Лабораторная работа №3-9\Лабораторная работа №4\Lab4.c(34,3): warning C4013: superMassive: нет определения; предполагается "extern" с возвратом типа "int"
E:\Мои работы\ОАиП\Лабораторная работа №3-9\Лабораторная работа №4\Lab4.c(37,3): warning C4013: massiveXYZ: нет определения; предполагается "extern" с возвратом типа "int"
E:\Мои работы\ОАиП\Лабораторная работа №3-9\Лабораторная работа №4\Lab4.c(61,10): warning C4047: !=: "int" отличается по уровням косвенного обращения от "void *"
E:\Мои работы\ОАиП\Лабораторная работа №3-9\Лабораторная работа №4\Lab4.c(72,11): warning C4047: !=: "int" отличается по уровням косвенного обращения от "void *"
E:\Мои работы\ОАиП\Лабораторная работа №3-9\Лабораторная работа №4\Lab4.c(73,17): warning C4244: =: преобразование "int" в "float", возможна потеря данных
E:\Мои работы\ОАиП\Лабораторная работа №3-9\Лабораторная работа №4\Lab4.c(89,18): warning C4244: =: преобразование "int" в "float", возможна потеря данных
E:\Мои работы\ОАиП\Лабораторная работа №3-9\Лабораторная работа №4\Lab4.c(104,18): warning C4244: =: преобразование "int" в "float", возможна потеря данных
E:\Мои работы\ОАиП\Лабораторная работа №3-9\Лабораторная работа №4\Lab4.c(101,15): warning C4244: инициализация: преобразование "float" в "int", возможна потеря данных
E:\Мои работы\ОАиП\Лабораторная работа №3-9\Лабораторная работа №4\Lab4.c(110,16): warning C4244: инициализация: преобразование "float" в "int", возможна потеря данных
E:\Мои работы\ОАиП\Лабораторная работа №3-9\Лабораторная работа №4\Lab4.c(131,11): warning C4047: !=: "int" отличается по уровням косвенного обращения от "void *"
E:\Мои работы\ОАиП\Лабораторная работа №3-9\Лабораторная работа №4\Lab4.c(132,17): warning C4244: =: преобразование "int" в "float", возможна потеря данных
E:\Мои работы\ОАиП\Лабораторная работа №3-9\Лабораторная работа №4\Lab4.c(139,2): warning C4013: rearrangeArray: нет определения; предполагается "extern" с возвратом типа "int"
E:\Мои работы\ОАиП\Лабораторная работа №3-9\Лабораторная работа №4\Lab4.c(160,19): warning C4244: =: преобразование "float" в "int", возможна потеря данных
E:\Мои работы\ОАиП\Лабораторная работа №3-9\Лабораторная работа №4\Lab4.c(167,19): warning C4244: =: преобразование "float" в "int", возможна потеря данных
E:\Мои работы\ОАиП\Лабораторная работа №3-9\Лабораторная работа №4\Lab4.c(173,16): warning C4244: =: преобразование "int" в "float", возможна потеря данных
E:\Мои работы\ОАиП\Лабораторная работа №3-9\Лабораторная работа №4\Lab4.c(120,1): warning C4716: superMassive: должна возвращать значение
E:\Мои работы\ОАиП\Лабораторная работа №3-9\Лабораторная работа №4\Lab4.c(175,1): warning C4716: rearrangeArray: должна возвращать значение
  Лабораторная работа №4.vcxproj -> E:\Мои работы\ОАиП\Лабораторная работа №3-9\Debug\Лабораторная работа №4.exe
