  lab9.c
C:\Programming\BSUIRLabs\ОАиП\MyLib\Библиотека\LibForMe.h(30,6): warning C4101: nat: неиспользованная локальная переменная
  (компиляция исходного файла "lab9.c")
  
C:\Programming\BSUIRLabs\ОАиП\Лабораторная работа №1-9\Лабораторная работа №9\lab9.c(23,29): warning C4267: =: преобразование из "size_t" в "int"; возможна потеря данных
C:\Programming\BSUIRLabs\ОАиП\Лабораторная работа №1-9\Лабораторная работа №9\lab9.c(48,29): warning C4267: =: преобразование из "size_t" в "int"; возможна потеря данных
C:\Programming\BSUIRLabs\ОАиП\Лабораторная работа №1-9\Лабораторная работа №9\lab9.c(58,10): warning C4244: return: преобразование "double" в "int", возможна потеря данных
C:\Programming\BSUIRLabs\ОАиП\Лабораторная работа №1-9\Лабораторная работа №9\lab9.c(70,29): warning C4267: =: преобразование из "size_t" в "int"; возможна потеря данных
C:\Programming\BSUIRLabs\ОАиП\Лабораторная работа №1-9\Лабораторная работа №9\lab9.c(107,9): warning C4013: mainMenu: нет определения; предполагается "extern" с возвратом типа "int"
C:\Programming\BSUIRLabs\ОАиП\Лабораторная работа №1-9\Лабораторная работа №9\lab9.c(124,3): warning C4013: files: нет определения; предполагается "extern" с возвратом типа "int"
C:\Programming\BSUIRLabs\ОАиП\Лабораторная работа №1-9\Лабораторная работа №9\lab9.c(128,10): warning C4013: cinema: нет определения; предполагается "extern" с возвратом типа "int"
C:\Programming\BSUIRLabs\ОАиП\Лабораторная работа №1-9\Лабораторная работа №9\lab9.c(229,3): warning C4013: inputStruct: нет определения; предполагается "extern" с возвратом типа "int"
C:\Programming\BSUIRLabs\ОАиП\Лабораторная работа №1-9\Лабораторная работа №9\lab9.c(234,3): warning C4013: sorting: нет определения; предполагается "extern" с возвратом типа "int"
C:\Programming\BSUIRLabs\ОАиП\Лабораторная работа №1-9\Лабораторная работа №9\lab9.c(239,3): warning C4013: finder: нет определения; предполагается "extern" с возвратом типа "int"
C:\Programming\BSUIRLabs\ОАиП\Лабораторная работа №1-9\Лабораторная работа №9\lab9.c(244,3): warning C4013: remaking: нет определения; предполагается "extern" с возвратом типа "int"
C:\Programming\BSUIRLabs\ОАиП\Лабораторная работа №1-9\Лабораторная работа №9\lab9.c(249,3): warning C4013: deleting: нет определения; предполагается "extern" с возвратом типа "int"
C:\Programming\BSUIRLabs\ОАиП\Лабораторная работа №1-9\Лабораторная работа №9\lab9.c(254,3): warning C4013: outputStruct: нет определения; предполагается "extern" с возвратом типа "int"
C:\Programming\BSUIRLabs\ОАиП\Лабораторная работа №1-9\Лабораторная работа №9\lab9.c(259,3): warning C4013: deleteFile: нет определения; предполагается "extern" с возвратом типа "int"
C:\Programming\BSUIRLabs\ОАиП\Лабораторная работа №1-9\Лабораторная работа №9\lab9.c(540,14): warning C4244: инициализация: преобразование "float" в "int", возможна потеря данных
C:\Programming\BSUIRLabs\ОАиП\Лабораторная работа №1-9\Лабораторная работа №9\lab9.c(708,21): warning C4101: par: неиспользованная локальная переменная
C:\Programming\BSUIRLabs\ОАиП\Лабораторная работа №1-9\Лабораторная работа №9\lab9.c(199,1): warning C4715: files: значение возвращается не при всех путях выполнения
C:\Programming\BSUIRLabs\ОАиП\Лабораторная работа №1-9\Лабораторная работа №9\lab9.c(472,1): warning C4715: sorting: значение возвращается не при всех путях выполнения
C:\Programming\BSUIRLabs\ОАиП\Лабораторная работа №1-9\Лабораторная работа №9\lab9.c(770,1): warning C4715: deleting: значение возвращается не при всех путях выполнения
C:\Programming\BSUIRLabs\ОАиП\Лабораторная работа №1-9\Лабораторная работа №9\lab9.c(810,1): warning C4715: outputStruct: значение возвращается не при всех путях выполнения
C:\Programming\BSUIRLabs\ОАиП\Лабораторная работа №1-9\Лабораторная работа №9\lab9.c(704,1): warning C4715: remaking: значение возвращается не при всех путях выполнения
C:\Programming\BSUIRLabs\ОАиП\Лабораторная работа №1-9\Лабораторная работа №9\lab9.c(594,1): warning C4715: finder: значение возвращается не при всех путях выполнения
C:\Programming\BSUIRLabs\ОАиП\Лабораторная работа №1-9\Лабораторная работа №9\lab9.c(816,1): warning C4716: deleteFile: должна возвращать значение
C:\Programming\BSUIRLabs\ОАиП\Лабораторная работа №1-9\Лабораторная работа №9\lab9.c(366,1): warning C4715: inputStruct: значение возвращается не при всех путях выполнения
  Лабораторная работа №9.vcxproj -> C:\Programming\BSUIRLabs\ОАиП\Лабораторная работа №1-9\x64\Debug\Лабораторная работа №9.exe
