  Lab4.c
E:\Мои работы\ОАиП\MyLib\Библиотека\LibForMe.h(48,15): warning C4047: !=: "int" отличается по уровням косвенного обращения от "char [2]"
  (компиляция исходного файла "Lab4.c")
  
E:\Мои работы\ОАиП\MyLib\Библиотека\LibForMe.h(35,6): warning C4101: nat: неиспользованная локальная переменная
  (компиляция исходного файла "Lab4.c")
  
E:\Мои работы\ОАиП\MyLib\Библиотека\LibForMe.h(111,33): warning C4553: "==": результат выражения не используется; вы хотели использовать "="?
  (компиляция исходного файла "Lab4.c")
  
E:\Мои работы\ОАиП\Лабораторная работа №3-9\Лабораторная работа №4\Lab4.c(17,9): warning C4013: mainMenu: нет определения; предполагается "extern" с возвратом типа "int"
E:\Мои работы\ОАиП\Лабораторная работа №3-9\Лабораторная работа №4\Lab4.c(28,6): warning C4013: inputNatural: нет определения; предполагается "extern" с возвратом типа "int"
E:\Мои работы\ОАиП\Лабораторная работа №3-9\Лабораторная работа №4\Lab4.c(32,3): warning C4013: superMassive: нет определения; предполагается "extern" с возвратом типа "int"
E:\Мои работы\ОАиП\Лабораторная работа №3-9\Лабораторная работа №4\Lab4.c(35,3): warning C4013: massiveXYZ: нет определения; предполагается "extern" с возвратом типа "int"
E:\Мои работы\ОАиП\Лабораторная работа №3-9\Лабораторная работа №4\Lab4.c(72,30): warning C4267: =: преобразование из "size_t" в "int"; возможна потеря данных
E:\Мои работы\ОАиП\Лабораторная работа №3-9\Лабораторная работа №4\Lab4.c(98,18): warning C4244: =: преобразование "int" в "float", возможна потеря данных
E:\Мои работы\ОАиП\Лабораторная работа №3-9\Лабораторная работа №4\Lab4.c(113,18): warning C4244: =: преобразование "int" в "float", возможна потеря данных
E:\Мои работы\ОАиП\Лабораторная работа №3-9\Лабораторная работа №4\Lab4.c(110,15): warning C4244: инициализация: преобразование "float" в "int", возможна потеря данных
E:\Мои работы\ОАиП\Лабораторная работа №3-9\Лабораторная работа №4\Lab4.c(119,16): warning C4244: инициализация: преобразование "float" в "int", возможна потеря данных
E:\Мои работы\ОАиП\Лабораторная работа №3-9\Лабораторная работа №4\Lab4.c(144,30): warning C4267: =: преобразование из "size_t" в "int"; возможна потеря данных
E:\Мои работы\ОАиП\Лабораторная работа №3-9\Лабораторная работа №4\Lab4.c(161,2): warning C4013: rearrangeArray: нет определения; предполагается "extern" с возвратом типа "int"
E:\Мои работы\ОАиП\Лабораторная работа №3-9\Лабораторная работа №4\Lab4.c(134,8): warning C4101: min: неиспользованная локальная переменная
E:\Мои работы\ОАиП\Лабораторная работа №3-9\Лабораторная работа №4\Lab4.c(182,19): warning C4244: =: преобразование "float" в "int", возможна потеря данных
E:\Мои работы\ОАиП\Лабораторная работа №3-9\Лабораторная работа №4\Lab4.c(189,19): warning C4244: =: преобразование "float" в "int", возможна потеря данных
E:\Мои работы\ОАиП\Лабораторная работа №3-9\Лабораторная работа №4\Lab4.c(195,16): warning C4244: =: преобразование "int" в "float", возможна потеря данных
E:\Мои работы\ОАиП\Лабораторная работа №3-9\Лабораторная работа №4\Lab4.c(207,29): warning C4267: =: преобразование из "size_t" в "int"; возможна потеря данных
E:\Мои работы\ОАиП\Лабораторная работа №3-9\Лабораторная работа №4\Lab4.c(226,29): warning C4267: =: преобразование из "size_t" в "int"; возможна потеря данных
E:\Мои работы\ОАиП\Лабораторная работа №3-9\Лабораторная работа №4\Lab4.c(197,1): warning C4716: rearrangeArray: должна возвращать значение
E:\Мои работы\ОАиП\Лабораторная работа №3-9\Лабораторная работа №4\Lab4.c(215,1): warning C4715: inputNatural: значение возвращается не при всех путях выполнения
E:\Мои работы\ОАиП\Лабораторная работа №3-9\Лабораторная работа №4\Lab4.c(129,1): warning C4716: superMassive: должна возвращать значение
E:\Мои работы\ОАиП\Лабораторная работа №3-9\Лабораторная работа №4\Lab4.c(234,1): warning C4715: inputInteger: значение возвращается не при всех путях выполнения
  Лабораторная работа №4.vcxproj -> E:\Мои работы\ОАиП\Лабораторная работа №3-9\x64\Debug\Лабораторная работа №4.exe
