  lab5.c
E:\Мои работы\ОАиП\MyLib\Библиотека\LibForMe.h(49,15): warning C4047: !=: "int" отличается по уровням косвенного обращения от "char [2]"
  (компиляция исходного файла "lab5.c")
  
E:\Мои работы\ОАиП\MyLib\Библиотека\LibForMe.h(35,6): warning C4101: nat: неиспользованная локальная переменная
  (компиляция исходного файла "lab5.c")
  
E:\Мои работы\ОАиП\MyLib\Библиотека\LibForMe.h(112,33): warning C4553: "==": результат выражения не используется; вы хотели использовать "="?
  (компиляция исходного файла "lab5.c")
  
E:\Мои работы\ОАиП\Лабораторная работа №3-9\Лабораторная работа №5\lab5.c(18,9): warning C4013: mainMenu: нет определения; предполагается "extern" с возвратом типа "int"
E:\Мои работы\ОАиП\Лабораторная работа №3-9\Лабораторная работа №5\lab5.c(29,6): warning C4013: inputNatural: нет определения; предполагается "extern" с возвратом типа "int"
E:\Мои работы\ОАиП\Лабораторная работа №3-9\Лабораторная работа №5\lab5.c(34,3): warning C4013: sqrMassive: нет определения; предполагается "extern" с возвратом типа "int"
E:\Мои работы\ОАиП\Лабораторная работа №3-9\Лабораторная работа №5\lab5.c(37,3): warning C4013: maxSqrMassive: нет определения; предполагается "extern" с возвратом типа "int"
E:\Мои работы\ОАиП\Лабораторная работа №3-9\Лабораторная работа №5\lab5.c(68,20): warning C4013: inputInteger: нет определения; предполагается "extern" с возвратом типа "int"
E:\Мои работы\ОАиП\Лабораторная работа №3-9\Лабораторная работа №5\lab5.c(135,18): warning C4013: swapRows: нет определения; предполагается "extern" с возвратом типа "int"
E:\Мои работы\ОАиП\Лабораторная работа №3-9\Лабораторная работа №5\lab5.c(106,6): warning C4101: counter: неиспользованная локальная переменная
E:\Мои работы\ОАиП\Лабораторная работа №3-9\Лабораторная работа №5\lab5.c(106,29): warning C4101: row: неиспользованная локальная переменная
E:\Мои работы\ОАиП\Лабораторная работа №3-9\Лабораторная работа №5\lab5.c(165,29): warning C4267: =: преобразование из "size_t" в "int"; возможна потеря данных
E:\Мои работы\ОАиП\Лабораторная работа №3-9\Лабораторная работа №5\lab5.c(184,29): warning C4267: =: преобразование из "size_t" в "int"; возможна потеря данных
E:\Мои работы\ОАиП\Лабораторная работа №3-9\Лабораторная работа №5\lab5.c(173,1): warning C4715: inputNatural: значение возвращается не при всех путях выполнения
E:\Мои работы\ОАиП\Лабораторная работа №3-9\Лабораторная работа №5\lab5.c(192,1): warning C4715: inputInteger: значение возвращается не при всех путях выполнения
E:\Мои работы\ОАиП\Лабораторная работа №3-9\Лабораторная работа №5\lab5.c(155,1): warning C4716: swapRows: должна возвращать значение
E:\Мои работы\ОАиП\Лабораторная работа №3-9\Лабораторная работа №5\lab5.c(147,1): warning C4716: maxSqrMassive: должна возвращать значение
E:\Мои работы\ОАиП\Лабораторная работа №3-9\Лабораторная работа №5\lab5.c(101,1): warning C4716: sqrMassive: должна возвращать значение
  Лабораторная работа №5.vcxproj -> E:\Мои работы\ОАиП\Лабораторная работа №3-9\x64\Debug\Лабораторная работа №5.exe
