C:\Program Files\Microsoft Visual Studio\2022\Community\MSBuild\Microsoft\VC\v170\Microsoft.CppBuild.targets(531,5): warning MSB8028: промежуточный каталог (x64\Debug\) содержит файлы, которые используются совместно с другим проектом (Лабараторная работа №8.vcxproj).  Это может привести к ошибкам очистки и перестроения.
  lab8.c
E:\Мои работы\ОАиП\MyLib\Библиотека\LibForMe.h(34,6): warning C4101: nat: неиспользованная локальная переменная
  (компиляция исходного файла "lab8.c")
  
E:\Мои работы\ОАиП\Лабораторная работа №3-9\Лабораторная работа №8\lab8.c(20,29): warning C4267: =: преобразование из "size_t" в "int"; возможна потеря данных
E:\Мои работы\ОАиП\Лабораторная работа №3-9\Лабораторная работа №8\lab8.c(33,3): warning C4013: mainMenu: нет определения; предполагается "extern" с возвратом типа "int"
E:\Мои работы\ОАиП\Лабораторная работа №3-9\Лабораторная работа №8\lab8.c(46,29): warning C4267: =: преобразование из "size_t" в "int"; возможна потеря данных
E:\Мои работы\ОАиП\Лабораторная работа №3-9\Лабораторная работа №8\lab8.c(69,29): warning C4267: =: преобразование из "size_t" в "int"; возможна потеря данных
E:\Мои работы\ОАиП\Лабораторная работа №3-9\Лабораторная работа №8\lab8.c(84,4): warning C4013: cinema: нет определения; предполагается "extern" с возвратом типа "int"
E:\Мои работы\ОАиП\Лабораторная работа №3-9\Лабораторная работа №8\lab8.c(164,3): warning C4013: inputStruct: нет определения; предполагается "extern" с возвратом типа "int"
E:\Мои работы\ОАиП\Лабораторная работа №3-9\Лабораторная работа №8\lab8.c(169,3): warning C4013: sorting: нет определения; предполагается "extern" с возвратом типа "int"
E:\Мои работы\ОАиП\Лабораторная работа №3-9\Лабораторная работа №8\lab8.c(174,3): warning C4013: finder: нет определения; предполагается "extern" с возвратом типа "int"
E:\Мои работы\ОАиП\Лабораторная работа №3-9\Лабораторная работа №8\lab8.c(179,3): warning C4013: remaking: нет определения; предполагается "extern" с возвратом типа "int"
E:\Мои работы\ОАиП\Лабораторная работа №3-9\Лабораторная работа №8\lab8.c(184,3): warning C4013: deleting: нет определения; предполагается "extern" с возвратом типа "int"
E:\Мои работы\ОАиП\Лабораторная работа №3-9\Лабораторная работа №8\lab8.c(189,3): warning C4013: outputStruct: нет определения; предполагается "extern" с возвратом типа "int"
E:\Мои работы\ОАиП\Лабораторная работа №3-9\Лабораторная работа №8\lab8.c(415,10): warning C4477: "printf": в строке форматирования "%s" требуется аргумент типа "char *", но вариативный аргумент "1" имеет тип "int"
E:\Мои работы\ОАиП\Лабораторная работа №3-9\Лабораторная работа №8\lab8.c(415,10): warning C4313: printf: конфликт "%s" в строке формата с аргументом 1 типа "int"
E:\Мои работы\ОАиП\Лабораторная работа №3-9\Лабораторная работа №8\lab8.c(423,10): warning C4477: "printf": в строке форматирования "%s" требуется аргумент типа "char *", но вариативный аргумент "1" имеет тип "double"
E:\Мои работы\ОАиП\Лабораторная работа №3-9\Лабораторная работа №8\lab8.c(428,10): warning C4477: "printf": в строке форматирования "%s" требуется аргумент типа "char *", но вариативный аргумент "1" имеет тип "int"
E:\Мои работы\ОАиП\Лабораторная работа №3-9\Лабораторная работа №8\lab8.c(428,10): warning C4313: printf: конфликт "%s" в строке формата с аргументом 1 типа "int"
E:\Мои работы\ОАиП\Лабораторная работа №3-9\Лабораторная работа №8\lab8.c(431,10): warning C4477: "printf": в строке форматирования "%s" требуется аргумент типа "char *", но вариативный аргумент "1" имеет тип "int"
E:\Мои работы\ОАиП\Лабораторная работа №3-9\Лабораторная работа №8\lab8.c(431,10): warning C4313: printf: конфликт "%s" в строке формата с аргументом 1 типа "int"
E:\Мои работы\ОАиП\Лабораторная работа №3-9\Лабораторная работа №8\lab8.c(233,1): warning C4716: inputStruct: должна возвращать значение
E:\Мои работы\ОАиП\Лабораторная работа №3-9\Лабораторная работа №8\lab8.c(306,1): warning C4715: sorting: значение возвращается не при всех путях выполнения
E:\Мои работы\ОАиП\Лабораторная работа №3-9\Лабораторная работа №8\lab8.c(386,1): warning C4715: finder: значение возвращается не при всех путях выполнения
E:\Мои работы\ОАиП\Лабораторная работа №3-9\Лабораторная работа №8\lab8.c(445,1): warning C4715: remaking: значение возвращается не при всех путях выполнения
E:\Мои работы\ОАиП\Лабораторная работа №3-9\Лабораторная работа №8\lab8.c(460,1): warning C4716: deleting: должна возвращать значение
E:\Мои работы\ОАиП\Лабораторная работа №3-9\Лабораторная работа №8\lab8.c(483,1): warning C4716: outputStruct: должна возвращать значение
  Лабораторная работа №8.vcxproj -> E:\Мои работы\ОАиП\Лабораторная работа №3-9\x64\Debug\Лабoраторная работа №8.exe
