C:\Program Files\Microsoft Visual Studio\2022\Community\MSBuild\Microsoft\VC\v170\Microsoft.CppBuild.targets(531,5): warning MSB8028: промежуточный каталог (x64\Debug\) содержит файлы, которые используются совместно с другим проектом (Лабораторные работы №3-9.vcxproj).  Это может привести к ошибкам очистки и перестроения.
  Lab3.c
E:\Мои работы\ОАиП\MyLib\Библиотека\LibForMe.h(48,15): warning C4047: !=: "int" отличается по уровням косвенного обращения от "char [2]"
  (компиляция исходного файла "Lab3.c")
  
E:\Мои работы\ОАиП\MyLib\Библиотека\LibForMe.h(35,6): warning C4101: nat: неиспользованная локальная переменная
  (компиляция исходного файла "Lab3.c")
  
E:\Мои работы\ОАиП\MyLib\Библиотека\LibForMe.h(74,15): warning C4047: !=: "int" отличается по уровням косвенного обращения от "char [2]"
  (компиляция исходного файла "Lab3.c")
  
E:\Мои работы\ОАиП\MyLib\Библиотека\LibForMe.h(75,15): warning C4047: !=: "int" отличается по уровням косвенного обращения от "char [2]"
  (компиляция исходного файла "Lab3.c")
  
E:\Мои работы\ОАиП\MyLib\Библиотека\LibForMe.h(76,15): warning C4047: !=: "int" отличается по уровням косвенного обращения от "char [2]"
  (компиляция исходного файла "Lab3.c")
  
E:\Мои работы\ОАиП\MyLib\Библиотека\LibForMe.h(110,33): warning C4553: "==": результат выражения не используется; вы хотели использовать "="?
  (компиляция исходного файла "Lab3.c")
  
E:\Мои работы\ОАиП\Лабораторная работа №3-9\Лабораторные работы №3\Lab3.c(14,9): warning C4013: mainMenu: нет определения; предполагается "extern" с возвратом типа "int"
E:\Мои работы\ОАиП\Лабораторная работа №3-9\Лабораторные работы №3\Lab3.c(25,6): warning C4013: inputNatural: нет определения; предполагается "extern" с возвратом типа "int"
E:\Мои работы\ОАиП\Лабораторная работа №3-9\Лабораторные работы №3\Lab3.c(29,3): warning C4013: gruzhchik: нет определения; предполагается "extern" с возвратом типа "int"
E:\Мои работы\ОАиП\Лабораторная работа №3-9\Лабораторные работы №3\Lab3.c(32,3): warning C4013: s1mple: нет определения; предполагается "extern" с возвратом типа "int"
E:\Мои работы\ОАиП\Лабораторная работа №3-9\Лабораторные работы №3\Lab3.c(49,45): warning C4101: buf: неиспользованная локальная переменная
E:\Мои работы\ОАиП\Лабораторная работа №3-9\Лабораторные работы №3\Lab3.c(49,35): warning C4101: y: неиспользованная локальная переменная
E:\Мои работы\ОАиП\Лабораторная работа №3-9\Лабораторные работы №3\Lab3.c(49,32): warning C4101: x: неиспользованная локальная переменная
E:\Мои работы\ОАиП\Лабораторная работа №3-9\Лабораторные работы №3\Lab3.c(72,16): warning C4101: buf: неиспользованная локальная переменная
E:\Мои работы\ОАиП\Лабораторная работа №3-9\Лабораторные работы №3\Lab3.c(92,29): warning C4267: =: преобразование из "size_t" в "int"; возможна потеря данных
E:\Мои работы\ОАиП\Лабораторная работа №3-9\Лабораторные работы №3\Lab3.c(100,1): warning C4715: inputNatural: значение возвращается не при всех путях выполнения
E:\Мои работы\ОАиП\Лабораторная работа №3-9\Лабораторные работы №3\Lab3.c(82,1): warning C4716: s1mple: должна возвращать значение
E:\Мои работы\ОАиП\Лабораторная работа №3-9\Лабораторные работы №3\Lab3.c(68,1): warning C4716: gruzhchik: должна возвращать значение
  Лабораторные работы №3-9.vcxproj -> E:\Мои работы\ОАиП\Лабораторная работа №3-9\x64\Debug\Лабораторная работа №3.exe
