e:\мои работы\оаип\лабораторная работа №3-9\лабораторная работа №4\debug\vc143.pdb
e:\мои работы\оаип\лабораторная работа №3-9\лабораторная работа №4\debug\vc143.idb
e:\мои работы\оаип\лабораторная работа №3-9\лабораторная работа №4\debug\lab4.obj
e:\мои работы\оаип\лабораторная работа №3-9\debug\лабораторная работа №4.exe
e:\мои работы\оаип\лабораторная работа №3-9\debug\лабораторная работа №4.pdb
e:\мои работы\оаип\лабораторная работа №3-9\лабораторная работа №4\debug\лабораторная работа №4.ilk
d:\мои работы\оаип\лабораторная работа №3-9\лабораторная работа №4\debug\lab4.obj
d:\мои работы\оаип\лабораторная работа №3-9\лабораторная работа №4\debug\лабораторная работа №4.ilk
d:\мои работы\оаип\лабораторная работа №3-9\лабораторная работа №4\debug\vc143.idb
d:\мои работы\оаип\лабораторная работа №3-9\лабораторная работа №4\debug\vc143.pdb
d:\мои работы\оаип\лабораторная работа №3-9\debug\лабораторная работа №4.pdb
d:\мои работы\оаип\лабораторная работа №3-9\debug\лабораторная работа №4.exe
d:\мои работы\оаип\лабораторная работа №3-9\лабораторная работа №4\debug\лаборато.85db842d.tlog\cl.command.1.tlog
d:\мои работы\оаип\лабораторная работа №3-9\лабораторная работа №4\debug\лаборато.85db842d.tlog\cl.items.tlog
d:\мои работы\оаип\лабораторная работа №3-9\лабораторная работа №4\debug\лаборато.85db842d.tlog\cl.read.1.tlog
d:\мои работы\оаип\лабораторная работа №3-9\лабораторная работа №4\debug\лаборато.85db842d.tlog\cl.write.1.tlog
d:\мои работы\оаип\лабораторная работа №3-9\лабораторная работа №4\debug\лаборато.85db842d.tlog\link.command.1.tlog
d:\мои работы\оаип\лабораторная работа №3-9\лабораторная работа №4\debug\лаборато.85db842d.tlog\link.read.1.tlog
d:\мои работы\оаип\лабораторная работа №3-9\лабораторная работа №4\debug\лаборато.85db842d.tlog\link.secondary.1.tlog
d:\мои работы\оаип\лабораторная работа №3-9\лабораторная работа №4\debug\лаборато.85db842d.tlog\link.write.1.tlog
