  lab6.c
E:\Мои работы\ОАиП\MyLib\Библиотека\LibForMe.h(48,15): warning C4047: !=: "int" отличается по уровням косвенного обращения от "char [2]"
  (компиляция исходного файла "lab6.c")
  
E:\Мои работы\ОАиП\MyLib\Библиотека\LibForMe.h(35,6): warning C4101: nat: неиспользованная локальная переменная
  (компиляция исходного файла "lab6.c")
  
E:\Мои работы\ОАиП\MyLib\Библиотека\LibForMe.h(74,15): warning C4047: !=: "int" отличается по уровням косвенного обращения от "char [2]"
  (компиляция исходного файла "lab6.c")
  
E:\Мои работы\ОАиП\MyLib\Библиотека\LibForMe.h(75,15): warning C4047: !=: "int" отличается по уровням косвенного обращения от "char [2]"
  (компиляция исходного файла "lab6.c")
  
E:\Мои работы\ОАиП\MyLib\Библиотека\LibForMe.h(76,15): warning C4047: !=: "int" отличается по уровням косвенного обращения от "char [2]"
  (компиляция исходного файла "lab6.c")
  
E:\Мои работы\ОАиП\MyLib\Библиотека\LibForMe.h(110,33): warning C4553: "==": результат выражения не используется; вы хотели использовать "="?
  (компиляция исходного файла "lab6.c")
  
E:\Мои работы\ОАиП\Лабораторная работа №3-9\Лабораторная работа №6\lab6.c(16,9): warning C4013: mainMenu: нет определения; предполагается "extern" с возвратом типа "int"
E:\Мои работы\ОАиП\Лабораторная работа №3-9\Лабораторная работа №6\lab6.c(26,6): warning C4013: inputNatural: нет определения; предполагается "extern" с возвратом типа "int"
E:\Мои работы\ОАиП\Лабораторная работа №3-9\Лабораторная работа №6\lab6.c(30,3): warning C4013: superMassive: нет определения; предполагается "extern" с возвратом типа "int"
E:\Мои работы\ОАиП\Лабораторная работа №3-9\Лабораторная работа №6\lab6.c(33,3): warning C4013: massiveXYZ: нет определения; предполагается "extern" с возвратом типа "int"
E:\Мои работы\ОАиП\Лабораторная работа №3-9\Лабораторная работа №6\lab6.c(71,30): warning C4267: =: преобразование из "size_t" в "int"; возможна потеря данных
E:\Мои работы\ОАиП\Лабораторная работа №3-9\Лабораторная работа №6\lab6.c(97,8): warning C4552: ">": результат выражения не используется
E:\Мои работы\ОАиП\Лабораторная работа №3-9\Лабораторная работа №6\lab6.c(132,20): warning C4013: inputInteger: нет определения; предполагается "extern" с возвратом типа "int"
E:\Мои работы\ОАиП\Лабораторная работа №3-9\Лабораторная работа №6\lab6.c(117,71): warning C4101: temp2: неиспользованная локальная переменная
E:\Мои работы\ОАиП\Лабораторная работа №3-9\Лабораторная работа №6\lab6.c(117,19): warning C4101: counter: неиспользованная локальная переменная
E:\Мои работы\ОАиП\Лабораторная работа №3-9\Лабораторная работа №6\lab6.c(117,78): warning C4101: buf: неиспользованная локальная переменная
E:\Мои работы\ОАиП\Лабораторная работа №3-9\Лабораторная работа №6\lab6.c(117,64): warning C4101: temp1: неиспользованная локальная переменная
E:\Мои работы\ОАиП\Лабораторная работа №3-9\Лабораторная работа №6\lab6.c(151,29): warning C4267: =: преобразование из "size_t" в "int"; возможна потеря данных
E:\Мои работы\ОАиП\Лабораторная работа №3-9\Лабораторная работа №6\lab6.c(170,29): warning C4267: =: преобразование из "size_t" в "int"; возможна потеря данных
E:\Мои работы\ОАиП\Лабораторная работа №3-9\Лабораторная работа №6\lab6.c(178,1): warning C4715: inputInteger: значение возвращается не при всех путях выполнения
E:\Мои работы\ОАиП\Лабораторная работа №3-9\Лабораторная работа №6\lab6.c(159,1): warning C4715: inputNatural: значение возвращается не при всех путях выполнения
E:\Мои работы\ОАиП\Лабораторная работа №3-9\Лабораторная работа №6\lab6.c(140,1): warning C4716: massiveXYZ: должна возвращать значение
  Лабораторная работа №6.vcxproj -> E:\Мои работы\ОАиП\Лабораторная работа №3-9\x64\Debug\Лабораторная работа №6.exe
