2024-10-05 18:44:27: == Sync Started by User Command
2024-10-05 18:44:27: ConnectCloned connected to file:///E:/Мои работы/ОАиП
2024-10-05 18:44:27: ConnectCloned connected to file:///E:/Мои работы/ОАиП
2024-10-05 18:44:27: ConnectCloned connected to file:///C:/programming/BSUIRLabs/ОАиП
2024-10-05 18:44:27: ConnectCloned connected to file:///C:/programming/BSUIRLabs/ОАиП
2024-10-05 18:44:27: ConnectCloned connected to file:///E:/Мои работы/ОАиП
2024-10-05 18:44:27: ConnectCloned connected to file:///C:/programming/BSUIRLabs/ОАиП
2024-10-05 18:44:27: Скопирован новый 'E:/Мои работы/ОАиП/Лабораторная работа №2 15-ые задания/x64/Debug/lab2.obj' -> 'C:/programming/BSUIRLabs/ОАиП/Лабораторная работа №2 15-ые задания/x64/Debug/lab2.obj' (29,557)
2024-10-05 18:44:27: Скопирован новый 'E:/Мои работы/ОАиП/Лабораторная работа №2 15-ые задания/x64/Debug/vc143.idb' -> 'C:/programming/BSUIRLabs/ОАиП/Лабораторная работа №2 15-ые задания/x64/Debug/vc143.idb' (35,840)
2024-10-05 18:44:27: Скопировано поверх 'E:/Мои работы/ОАиП/MyLib/Библиотека/LibForMe.h' -> 'C:/programming/BSUIRLabs/ОАиП/MyLib/Библиотека/LibForMe.h' (1,378) (User Action)
2024-10-05 18:44:27: Скопирован новый 'E:/Мои работы/ОАиП/Лабораторная работа №2 15-ые задания/x64/Debug/vc143.pdb' -> 'C:/programming/BSUIRLabs/ОАиП/Лабораторная работа №2 15-ые задания/x64/Debug/vc143.pdb' (77,824)
2024-10-05 18:44:27: Скопирован новый 'E:/Мои работы/ОАиП/Лабораторная работа №2 15-ые задания/x64/Debug/Лаборато.a920850b.tlog/CL.command.1.tlog' -> 'C:/programming/BSUIRLabs/ОАиП/Лабораторная работа №2 15-ые задания/x64/Debug/Лаборато.a920850b.tlog/CL.command.1.tlog' (774)
2024-10-05 18:44:27: Скопирован новый 'E:/Мои работы/ОАиП/Лабораторная работа №2 15-ые задания/x64/Debug/Лаборато.a920850b.tlog/CL.read.1.tlog' -> 'C:/programming/BSUIRLabs/ОАиП/Лабораторная работа №2 15-ые задания/x64/Debug/Лаборато.a920850b.tlog/CL.read.1.tlog' (3,438)
2024-10-05 18:44:27: Скопирован новый 'E:/Мои работы/ОАиП/Лабораторная работа №2 15-ые задания/x64/Debug/Лаборато.a920850b.tlog/CL.write.1.tlog' -> 'C:/programming/BSUIRLabs/ОАиП/Лабораторная работа №2 15-ые задания/x64/Debug/Лаборато.a920850b.tlog/CL.write.1.tlog' (592)
2024-10-05 18:44:27: Скопирован новый 'E:/Мои работы/ОАиП/Лабораторная работа №2 15-ые задания/x64/Debug/Лаборато.a920850b.tlog/Cl.items.tlog' -> 'C:/programming/BSUIRLabs/ОАиП/Лабораторная работа №2 15-ые задания/x64/Debug/Лаборато.a920850b.tlog/Cl.items.tlog' (223)
2024-10-05 18:44:27: Скопирован новый 'E:/Мои работы/ОАиП/Лабораторная работа №2 15-ые задания/x64/Debug/Лаборато.a920850b.tlog/link.read.1.tlog' -> 'C:/programming/BSUIRLabs/ОАиП/Лабораторная работа №2 15-ые задания/x64/Debug/Лаборато.a920850b.tlog/link.read.1.tlog' (3,440)
2024-10-05 18:44:27: Скопирован новый 'E:/Мои работы/ОАиП/Лабораторная работа №2 15-ые задания/x64/Debug/Лаборато.a920850b.tlog/link.command.1.tlog' -> 'C:/programming/BSUIRLabs/ОАиП/Лабораторная работа №2 15-ые задания/x64/Debug/Лаборато.a920850b.tlog/link.command.1.tlog' (1,508)
2024-10-05 18:44:27: Скопирован новый 'E:/Мои работы/ОАиП/Лабораторная работа №2 15-ые задания/x64/Debug/Лаборато.a920850b.tlog/link.write.1.tlog' -> 'C:/programming/BSUIRLabs/ОАиП/Лабораторная работа №2 15-ые задания/x64/Debug/Лаборато.a920850b.tlog/link.write.1.tlog' (720)
2024-10-05 18:44:27: Скопирован новый 'E:/Мои работы/ОАиП/Лабораторная работа №2 15-ые задания/x64/Debug/Лабораторная работа №2.exe.recipe' -> 'C:/programming/BSUIRLabs/ОАиП/Лабораторная работа №2 15-ые задания/x64/Debug/Лабораторная работа №2.exe.recipe' (397)
2024-10-05 18:44:27: Скопирован новый 'E:/Мои работы/ОАиП/Лабораторная работа №2 15-ые задания/x64/Debug/Лабораторная работа №2.vcxproj.FileListAbsolute.txt' -> 'C:/programming/BSUIRLabs/ОАиП/Лабораторная работа №2 15-ые задания/x64/Debug/Лабораторная работа №2.vcxproj.FileListAbsolute.txt' (156)
2024-10-05 18:44:27: Скопирован новый 'E:/Мои работы/ОАиП/Лабораторная работа №2 15-ые задания/x64/Debug/Лабораторная работа №2.ilk' -> 'C:/programming/BSUIRLabs/ОАиП/Лабораторная работа №2 15-ые задания/x64/Debug/Лабораторная работа №2.ilk' (654,720)
2024-10-05 18:44:27: > Скопировано поверх 'E:/Мои работы/ОАиП/Лабораторная работа №3-9/x64/Debug/Лабораторная работа №5.pdb' -> 'C:/programming/BSUIRLabs/ОАиП/Лабораторная работа №3-9/x64/Debug/Лабораторная работа №5.pdb' (1,134,592)
2024-10-05 18:44:27: Скопирован новый 'E:/Мои работы/ОАиП/Лабораторная работа №2 15-ые задания/Лаборато.a920850b/x64/Debug/lab2.obj.enc' -> 'C:/programming/BSUIRLabs/ОАиП/Лабораторная работа №2 15-ые задания/Лаборато.a920850b/x64/Debug/lab2.obj.enc' (27,731)
2024-10-05 18:44:27: Скопировано поверх 'E:/Мои работы/ОАиП/Лабораторная работа №3-9/x64/Debug/Лабораторная работа №5.exe' -> 'C:/programming/BSUIRLabs/ОАиП/Лабораторная работа №3-9/x64/Debug/Лабораторная работа №5.exe' (68,096)
2024-10-05 18:44:27: < Скопировано поверх 'E:/Мои работы/ОАиП/Лабораторная работа №3-9/x64/Debug/Лабораторная работа №5.pdb' -> 'C:/programming/BSUIRLabs/ОАиП/Лабораторная работа №3-9/x64/Debug/Лабораторная работа №5.pdb' (1,134,592)
2024-10-05 18:44:27: Скопировано поверх 'E:/Мои работы/ОАиП/Лабораторная работа №3-9/Лабораторная работа №4/Lab4.c' -> 'C:/programming/BSUIRLabs/ОАиП/Лабораторная работа №3-9/Лабораторная работа №4/Lab4.c' (3,961) (User Action)
2024-10-05 18:44:27: Скопировано поверх 'E:/Мои работы/ОАиП/Лабораторная работа №3-9/Лабораторная работа №4/Лабораторная работа №4.vcxproj' -> 'C:/programming/BSUIRLabs/ОАиП/Лабораторная работа №3-9/Лабораторная работа №4/Лабораторная работа №4.vcxproj' (6,871) (User Action)
2024-10-05 18:44:27: Скопировано поверх 'E:/Мои работы/ОАиП/Лабораторная работа №3-9/Лабораторная работа №5/lab5.c' -> 'C:/programming/BSUIRLabs/ОАиП/Лабораторная работа №3-9/Лабораторная работа №5/lab5.c' (1,658) (User Action)
2024-10-05 18:44:27: Скопировано поверх 'E:/Мои работы/ОАиП/Лабораторная работа №3-9/Лабораторная работа №5/x64/Debug/lab5.obj' -> 'C:/programming/BSUIRLabs/ОАиП/Лабораторная работа №3-9/Лабораторная работа №5/x64/Debug/lab5.obj' (31,266) (User Action)
2024-10-05 18:44:27: Скопировано поверх 'E:/Мои работы/ОАиП/Лабораторная работа №3-9/Лабораторная работа №5/x64/Debug/vc143.idb' -> 'C:/programming/BSUIRLabs/ОАиП/Лабораторная работа №3-9/Лабораторная работа №5/x64/Debug/vc143.idb' (93,184) (User Action)
2024-10-05 18:44:27: Скопировано поверх 'E:/Мои работы/ОАиП/Лабораторная работа №3-9/Лабораторная работа №5/x64/Debug/vc143.pdb' -> 'C:/programming/BSUIRLabs/ОАиП/Лабораторная работа №3-9/Лабораторная работа №5/x64/Debug/vc143.pdb' (86,016) (User Action)
2024-10-05 18:44:27: Скопировано поверх 'E:/Мои работы/ОАиП/Лабораторная работа №3-9/Лабораторная работа №5/x64/Debug/Лаборато.614af3f2.tlog/CL.read.1.tlog' -> 'C:/programming/BSUIRLabs/ОАиП/Лабораторная работа №3-9/Лабораторная работа №5/x64/Debug/Лаборато.614af3f2.tlog/CL.read.1.tlog' (4,804) (User Action)
2024-10-05 18:44:27: Скопировано поверх 'E:/Мои работы/ОАиП/Лабораторная работа №3-9/Лабораторная работа №5/x64/Debug/Лаборато.614af3f2.tlog/CL.command.1.tlog' -> 'C:/programming/BSUIRLabs/ОАиП/Лабораторная работа №3-9/Лабораторная работа №5/x64/Debug/Лаборато.614af3f2.tlog/CL.command.1.tlog' (1,938) (User Action)
2024-10-05 18:44:27: Скопировано поверх 'E:/Мои работы/ОАиП/Лабораторная работа №3-9/Лабораторная работа №5/x64/Debug/Лаборато.614af3f2.tlog/Cl.items.tlog' -> 'C:/programming/BSUIRLabs/ОАиП/Лабораторная работа №3-9/Лабораторная работа №5/x64/Debug/Лаборато.614af3f2.tlog/Cl.items.tlog' (267) (User Action)
2024-10-05 18:44:27: Скопировано поверх 'E:/Мои работы/ОАиП/Лабораторная работа №3-9/Лабораторная работа №5/x64/Debug/Лаборато.614af3f2.tlog/link.read.1.tlog' -> 'C:/programming/BSUIRLabs/ОАиП/Лабораторная работа №3-9/Лабораторная работа №5/x64/Debug/Лаборато.614af3f2.tlog/link.read.1.tlog' (3,288) (User Action)
2024-10-05 18:44:27: Скопировано поверх 'E:/Мои работы/ОАиП/Лабораторная работа №3-9/Лабораторная работа №5/x64/Debug/Лаборато.614af3f2.tlog/link.command.1.tlog' -> 'C:/programming/BSUIRLabs/ОАиП/Лабораторная работа №3-9/Лабораторная работа №5/x64/Debug/Лаборато.614af3f2.tlog/link.command.1.tlog' (3,002) (User Action)
2024-10-05 18:44:27: Скопировано поверх 'E:/Мои работы/ОАиП/Лабораторная работа №3-9/Лабораторная работа №5/x64/Debug/Лаборато.614af3f2.tlog/CL.write.1.tlog' -> 'C:/programming/BSUIRLabs/ОАиП/Лабораторная работа №3-9/Лабораторная работа №5/x64/Debug/Лаборато.614af3f2.tlog/CL.write.1.tlog' (680) (User Action)
2024-10-05 18:44:27: Скопировано поверх 'E:/Мои работы/ОАиП/Лабораторная работа №3-9/Лабораторная работа №5/x64/Debug/Лаборато.614af3f2.tlog/link.secondary.1.tlog' -> 'C:/programming/BSUIRLabs/ОАиП/Лабораторная работа №3-9/Лабораторная работа №5/x64/Debug/Лаборато.614af3f2.tlog/link.secondary.1.tlog' (319) (User Action)
2024-10-05 18:44:27: Скопировано поверх 'E:/Мои работы/ОАиП/Лабораторная работа №3-9/Лабораторная работа №5/x64/Debug/Лаборато.614af3f2.tlog/link.write.1.tlog' -> 'C:/programming/BSUIRLabs/ОАиП/Лабораторная работа №3-9/Лабораторная работа №5/x64/Debug/Лаборато.614af3f2.tlog/link.write.1.tlog' (506) (User Action)
2024-10-05 18:44:27: Скопировано поверх 'E:/Мои работы/ОАиП/Лабораторная работа №3-9/Лабораторная работа №5/x64/Debug/Лаборато.614af3f2.tlog/Лабораторная работа №5.lastbuildstate' -> 'C:/programming/BSUIRLabs/ОАиП/Лабораторная работа №3-9/Лабораторная работа №5/x64/Debug/Лаборато.614af3f2.tlog/Лабораторная работа №5.lastbuildstate' (206) (User Action)
2024-10-05 18:44:27: Скопировано поверх 'E:/Мои работы/ОАиП/Лабораторная работа №3-9/Лабораторная работа №5/x64/Debug/Лабораторная работа №5.exe.recipe' -> 'C:/programming/BSUIRLabs/ОАиП/Лабораторная работа №3-9/Лабораторная работа №5/x64/Debug/Лабораторная работа №5.exe.recipe' (376) (User Action)
2024-10-05 18:44:27: Скопировано поверх 'E:/Мои работы/ОАиП/Лабораторная работа №3-9/Лабораторная работа №5/x64/Debug/Лабораторная работа №5.log' -> 'C:/programming/BSUIRLabs/ОАиП/Лабораторная работа №3-9/Лабораторная работа №5/x64/Debug/Лабораторная работа №5.log' (2,099) (User Action)
2024-10-05 18:44:27: Скопировано поверх 'E:/Мои работы/ОАиП/Лабораторная работа №3-9/Лабораторная работа №5/x64/Debug/Лабораторная работа №5.ilk' -> 'C:/programming/BSUIRLabs/ОАиП/Лабораторная работа №3-9/Лабораторная работа №5/x64/Debug/Лабораторная работа №5.ilk' (693,472) (User Action)
2024-10-05 18:44:27: Скопировано поверх 'E:/Мои работы/ОАиП/Лабораторная работа №3-9/Лабораторная работа №5/Лабораторная работа №5.vcxproj' -> 'C:/programming/BSUIRLabs/ОАиП/Лабораторная работа №3-9/Лабораторная работа №5/Лабораторная работа №5.vcxproj' (6,871) (User Action)
2024-10-05 18:44:27: Скопировано поверх 'E:/Мои работы/ОАиП/Лабораторная работа №3-9/Лабораторные работы №3/Лабораторные работы №3-9.vcxproj' -> 'C:/programming/BSUIRLabs/ОАиП/Лабораторная работа №3-9/Лабораторные работы №3/Лабораторные работы №3-9.vcxproj' (7,087) (User Action)
2024-10-05 18:44:27: Сохраняю файл состояний E:/Мои работы/ОАиП/_gsdata_/_file_state_v4._gs
2024-10-05 18:44:27: Сохраняю файл состояний C:/programming/BSUIRLabs/ОАиП/_gsdata_/_file_state_v4._gs
2024-10-05 18:44:27: ===== Синхронизация завершена. Время 00:00:00, Скорость: 0.00/s файлов/сек =====, Синхронизировано: 193, Ошибок: 0
