2024-10-06 09:15:15: == Sync Started by User Command
2024-10-06 09:15:15: ConnectCloned connected to file:///E:/Мои работы/ОАиП
2024-10-06 09:15:15: ConnectCloned connected to file:///E:/Мои работы/ОАиП
2024-10-06 09:15:15: ConnectCloned connected to file:///C:/programming/BSUIRLabs/ОАиП
2024-10-06 09:15:15: ConnectCloned connected to file:///E:/Мои работы/ОАиП
2024-10-06 09:15:15: ConnectCloned connected to file:///C:/programming/BSUIRLabs/ОАиП
2024-10-06 09:15:15: ConnectCloned connected to file:///C:/programming/BSUIRLabs/ОАиП
2024-10-06 09:15:15: Удалён Файл C:/programming/BSUIRLabs/ОАиП/Лабораторная работа №3-9/x64/Debug/Лабораторная работа №5.exe
2024-10-06 09:15:15: > Скопировано поверх 'E:/Мои работы/ОАиП/Лабораторная работа №3-9/x64/Debug/Лабораторная работа №5.pdb' -> 'C:/programming/BSUIRLabs/ОАиП/Лабораторная работа №3-9/x64/Debug/Лабораторная работа №5.pdb' (1,175,552)
2024-10-06 09:15:15: Скопировано поверх 'E:/Мои работы/ОАиП/Лабораторная работа №3-9/Лабораторная работа №5/lab5.c' -> 'C:/programming/BSUIRLabs/ОАиП/Лабораторная работа №3-9/Лабораторная работа №5/lab5.c' (1,870)
2024-10-06 09:15:15: < Скопировано поверх 'E:/Мои работы/ОАиП/Лабораторная работа №3-9/x64/Debug/Лабораторная работа №5.pdb' -> 'C:/programming/BSUIRLabs/ОАиП/Лабораторная работа №3-9/x64/Debug/Лабораторная работа №5.pdb' (1,175,552)
2024-10-06 09:15:15: Скопировано поверх 'C:/programming/BSUIRLabs/ОАиП/MyLib/Библиотека/LibForMe.h' -> 'E:/Мои работы/ОАиП/MyLib/Библиотека/LibForMe.h' (2,087) (User Action)
2024-10-06 09:15:15: Скопировано поверх 'E:/Мои работы/ОАиП/Лабораторная работа №3-9/Лабораторная работа №5/x64/Debug/vc143.pdb' -> 'C:/programming/BSUIRLabs/ОАиП/Лабораторная работа №3-9/Лабораторная работа №5/x64/Debug/vc143.pdb' (86,016)
2024-10-06 09:15:15: Скопировано поверх 'E:/Мои работы/ОАиП/Лабораторная работа №3-9/Лабораторная работа №5/x64/Debug/lab5.obj' -> 'C:/programming/BSUIRLabs/ОАиП/Лабораторная работа №3-9/Лабораторная работа №5/x64/Debug/lab5.obj' (31,238)
2024-10-06 09:15:15: Скопировано поверх 'E:/Мои работы/ОАиП/Лабораторная работа №3-9/Лабораторная работа №5/x64/Debug/vc143.idb' -> 'C:/programming/BSUIRLabs/ОАиП/Лабораторная работа №3-9/Лабораторная работа №5/x64/Debug/vc143.idb' (93,184)
2024-10-06 09:15:15: Скопировано поверх 'E:/Мои работы/ОАиП/Лабораторная работа №3-9/Лабораторная работа №5/x64/Debug/Лабораторная работа №5.exe.recipe' -> 'C:/programming/BSUIRLabs/ОАиП/Лабораторная работа №3-9/Лабораторная работа №5/x64/Debug/Лабораторная работа №5.exe.recipe' (376)
2024-10-06 09:15:15: Скопировано поверх 'E:/Мои работы/ОАиП/Лабораторная работа №3-9/Лабораторная работа №5/x64/Debug/Лаборато.614af3f2.tlog/CL.command.1.tlog' -> 'C:/programming/BSUIRLabs/ОАиП/Лабораторная работа №3-9/Лабораторная работа №5/x64/Debug/Лаборато.614af3f2.tlog/CL.command.1.tlog' (1,914)
2024-10-06 09:15:15: Скопировано поверх 'E:/Мои работы/ОАиП/Лабораторная работа №3-9/Лабораторная работа №5/x64/Debug/Лаборато.614af3f2.tlog/CL.read.1.tlog' -> 'C:/programming/BSUIRLabs/ОАиП/Лабораторная работа №3-9/Лабораторная работа №5/x64/Debug/Лаборато.614af3f2.tlog/CL.read.1.tlog' (5,092)
2024-10-06 09:15:15: Скопировано поверх 'E:/Мои работы/ОАиП/Лабораторная работа №3-9/Лабораторная работа №5/x64/Debug/Лаборато.614af3f2.tlog/Cl.items.tlog' -> 'C:/programming/BSUIRLabs/ОАиП/Лабораторная работа №3-9/Лабораторная работа №5/x64/Debug/Лаборато.614af3f2.tlog/Cl.items.tlog' (267)
2024-10-06 09:15:15: Скопирован новый 'E:/Мои работы/ОАиП/Лабораторная работа №3-9/Лабораторная работа №5/x64/Debug/Лаборато.614af3f2.tlog/link-cvtres.read.1.tlog' -> 'C:/programming/BSUIRLabs/ОАиП/Лабораторная работа №3-9/Лабораторная работа №5/x64/Debug/Лаборато.614af3f2.tlog/link-cvtres.read.1.tlog' (2)
2024-10-06 09:15:15: Скопирован новый 'E:/Мои работы/ОАиП/Лабораторная работа №3-9/Лабораторная работа №5/x64/Debug/Лаборато.614af3f2.tlog/link-cvtres.write.1.tlog' -> 'C:/programming/BSUIRLabs/ОАиП/Лабораторная работа №3-9/Лабораторная работа №5/x64/Debug/Лаборато.614af3f2.tlog/link-cvtres.write.1.tlog' (2)
2024-10-06 09:15:15: Скопировано поверх 'E:/Мои работы/ОАиП/Лабораторная работа №3-9/Лабораторная работа №5/x64/Debug/Лаборато.614af3f2.tlog/CL.write.1.tlog' -> 'C:/programming/BSUIRLabs/ОАиП/Лабораторная работа №3-9/Лабораторная работа №5/x64/Debug/Лаборато.614af3f2.tlog/CL.write.1.tlog' (680)
2024-10-06 09:15:15: Скопирован новый 'E:/Мои работы/ОАиП/Лабораторная работа №3-9/Лабораторная работа №5/x64/Debug/Лаборато.614af3f2.tlog/link-rc.read.1.tlog' -> 'C:/programming/BSUIRLabs/ОАиП/Лабораторная работа №3-9/Лабораторная работа №5/x64/Debug/Лаборато.614af3f2.tlog/link-rc.read.1.tlog' (2)
2024-10-06 09:15:15: Скопирован новый 'E:/Мои работы/ОАиП/Лабораторная работа №3-9/Лабораторная работа №5/x64/Debug/Лаборато.614af3f2.tlog/link-rc.write.1.tlog' -> 'C:/programming/BSUIRLabs/ОАиП/Лабораторная работа №3-9/Лабораторная работа №5/x64/Debug/Лаборато.614af3f2.tlog/link-rc.write.1.tlog' (2)
2024-10-06 09:15:15: Скопирован новый 'E:/Мои работы/ОАиП/Лабораторная работа №3-9/Лабораторная работа №5/x64/Debug/Лаборато.614af3f2.tlog/link.18060-cvtres.read.1.tlog' -> 'C:/programming/BSUIRLabs/ОАиП/Лабораторная работа №3-9/Лабораторная работа №5/x64/Debug/Лаборато.614af3f2.tlog/link.18060-cvtres.read.1.tlog' (2)
2024-10-06 09:15:15: Скопирован новый 'E:/Мои работы/ОАиП/Лабораторная работа №3-9/Лабораторная работа №5/x64/Debug/Лаборато.614af3f2.tlog/link.18060-cvtres.write.1.tlog' -> 'C:/programming/BSUIRLabs/ОАиП/Лабораторная работа №3-9/Лабораторная работа №5/x64/Debug/Лаборато.614af3f2.tlog/link.18060-cvtres.write.1.tlog' (2)
2024-10-06 09:15:15: Скопирован новый 'E:/Мои работы/ОАиП/Лабораторная работа №3-9/Лабораторная работа №5/x64/Debug/Лаборато.614af3f2.tlog/link.18060-rc.read.1.tlog' -> 'C:/programming/BSUIRLabs/ОАиП/Лабораторная работа №3-9/Лабораторная работа №5/x64/Debug/Лаборато.614af3f2.tlog/link.18060-rc.read.1.tlog' (2)
2024-10-06 09:15:15: Скопирован новый 'E:/Мои работы/ОАиП/Лабораторная работа №3-9/Лабораторная работа №5/x64/Debug/Лаборато.614af3f2.tlog/link.18060-rc.write.1.tlog' -> 'C:/programming/BSUIRLabs/ОАиП/Лабораторная работа №3-9/Лабораторная работа №5/x64/Debug/Лаборато.614af3f2.tlog/link.18060-rc.write.1.tlog' (2)
2024-10-06 09:15:15: Скопирован новый 'E:/Мои работы/ОАиП/Лабораторная работа №3-9/Лабораторная работа №5/x64/Debug/Лаборато.614af3f2.tlog/link.18060.read.1.tlog' -> 'C:/programming/BSUIRLabs/ОАиП/Лабораторная работа №3-9/Лабораторная работа №5/x64/Debug/Лаборато.614af3f2.tlog/link.18060.read.1.tlog' (2)
2024-10-06 09:15:15: Скопирован новый 'E:/Мои работы/ОАиП/Лабораторная работа №3-9/Лабораторная работа №5/x64/Debug/Лаборато.614af3f2.tlog/link.18060.read.2.tlog' -> 'C:/programming/BSUIRLabs/ОАиП/Лабораторная работа №3-9/Лабораторная работа №5/x64/Debug/Лаборато.614af3f2.tlog/link.18060.read.2.tlog' (2)
2024-10-06 09:15:15: Скопирован новый 'E:/Мои работы/ОАиП/Лабораторная работа №3-9/Лабораторная работа №5/x64/Debug/Лаборато.614af3f2.tlog/link.18060.write.1.tlog' -> 'C:/programming/BSUIRLabs/ОАиП/Лабораторная работа №3-9/Лабораторная работа №5/x64/Debug/Лаборато.614af3f2.tlog/link.18060.write.1.tlog' (2)
2024-10-06 09:15:15: Скопировано поверх 'E:/Мои работы/ОАиП/Лабораторная работа №3-9/Лабораторная работа №5/x64/Debug/Лаборато.614af3f2.tlog/link.command.1.tlog' -> 'C:/programming/BSUIRLabs/ОАиП/Лабораторная работа №3-9/Лабораторная работа №5/x64/Debug/Лаборато.614af3f2.tlog/link.command.1.tlog' (1,546)
2024-10-06 09:15:15: Скопирован новый 'E:/Мои работы/ОАиП/Лабораторная работа №3-9/Лабораторная работа №5/x64/Debug/Лаборато.614af3f2.tlog/link.read.2.tlog' -> 'C:/programming/BSUIRLabs/ОАиП/Лабораторная работа №3-9/Лабораторная работа №5/x64/Debug/Лаборато.614af3f2.tlog/link.read.2.tlog' (2)
2024-10-06 09:15:15: Скопировано поверх 'E:/Мои работы/ОАиП/Лабораторная работа №3-9/Лабораторная работа №5/x64/Debug/Лаборато.614af3f2.tlog/link.read.1.tlog' -> 'C:/programming/BSUIRLabs/ОАиП/Лабораторная работа №3-9/Лабораторная работа №5/x64/Debug/Лаборато.614af3f2.tlog/link.read.1.tlog' (2)
2024-10-06 09:15:15: Скопирован новый 'E:/Мои работы/ОАиП/Лабораторная работа №3-9/Лабораторная работа №5/x64/Debug/Лаборато.614af3f2.tlog/unsuccessfulbuild' -> 'C:/programming/BSUIRLabs/ОАиП/Лабораторная работа №3-9/Лабораторная работа №5/x64/Debug/Лаборато.614af3f2.tlog/unsuccessfulbuild' (0)
2024-10-06 09:15:15: Скопировано поверх 'E:/Мои работы/ОАиП/Лабораторная работа №3-9/Лабораторная работа №5/x64/Debug/Лаборато.614af3f2.tlog/link.secondary.1.tlog' -> 'C:/programming/BSUIRLabs/ОАиП/Лабораторная работа №3-9/Лабораторная работа №5/x64/Debug/Лаборато.614af3f2.tlog/link.secondary.1.tlog' (319)
2024-10-06 09:15:15: Скопировано поверх 'E:/Мои работы/ОАиП/Лабораторная работа №3-9/Лабораторная работа №5/x64/Debug/Лаборато.614af3f2.tlog/link.write.1.tlog' -> 'C:/programming/BSUIRLabs/ОАиП/Лабораторная работа №3-9/Лабораторная работа №5/x64/Debug/Лаборато.614af3f2.tlog/link.write.1.tlog' (2)
2024-10-06 09:15:15: Удалён Файл C:/programming/BSUIRLabs/ОАиП/Лабораторная работа №3-9/Лабораторная работа №5/x64/Debug/Лабораторная работа №5.ilk
2024-10-06 09:15:15: Скопировано поверх 'E:/Мои работы/ОАиП/Лабораторная работа №3-9/Лабораторная работа №5/x64/Debug/Лаборато.614af3f2.tlog/Лабораторная работа №5.lastbuildstate' -> 'C:/programming/BSUIRLabs/ОАиП/Лабораторная работа №3-9/Лабораторная работа №5/x64/Debug/Лаборато.614af3f2.tlog/Лабораторная работа №5.lastbuildstate' (206)
2024-10-06 09:15:15: Скопировано поверх 'E:/Мои работы/ОАиП/Лабораторная работа №3-9/Лабораторная работа №5/x64/Debug/Лабораторная работа №5.log' -> 'C:/programming/BSUIRLabs/ОАиП/Лабораторная работа №3-9/Лабораторная работа №5/x64/Debug/Лабораторная работа №5.log' (365)
2024-10-06 09:15:15: Сохраняю файл состояний E:/Мои работы/ОАиП/_gsdata_/_file_state_v4._gs
2024-10-06 09:15:15: Сохраняю файл состояний C:/programming/BSUIRLabs/ОАиП/_gsdata_/_file_state_v4._gs
2024-10-06 09:15:15: ===== Синхронизация завершена. Время 00:00:00, Скорость: 0.00/s файлов/сек =====, Синхронизировано: 32, Ошибок: 0
