2024-10-08 00:03:52: == Sync Started by User Command
2024-10-08 00:03:52: ConnectCloned connected to file:///E:/Мои работы/ОАиП
2024-10-08 00:03:52: ConnectCloned connected to file:///E:/Мои работы/ОАиП
2024-10-08 00:03:52: ConnectCloned connected to file:///C:/programming/BSUIRLabs/ОАиП
2024-10-08 00:03:52: ConnectCloned connected to file:///C:/programming/BSUIRLabs/ОАиП
2024-10-08 00:03:52: ConnectCloned connected to file:///E:/Мои работы/ОАиП
2024-10-08 00:03:52: ConnectCloned connected to file:///C:/programming/BSUIRLabs/ОАиП
2024-10-08 00:03:52: > Скопировано поверх 'C:/programming/BSUIRLabs/ОАиП/Лабораторная работа №3-9/x64/Debug/Лабораторная работа №5.pdb' -> 'E:/Мои работы/ОАиП/Лабораторная работа №3-9/x64/Debug/Лабораторная работа №5.pdb' (1,404,928)
2024-10-08 00:03:54: Скопирован новый 'C:/programming/BSUIRLabs/ОАиП/Лабораторная работа №3-9/x64/Debug/Лабораторная работа №5.exe' -> 'E:/Мои работы/ОАиП/Лабораторная работа №3-9/x64/Debug/Лабораторная работа №5.exe' (68,608)
2024-10-08 00:03:54: Скопировано поверх 'C:/programming/BSUIRLabs/ОАиП/MyLib/Библиотека/LibForMe.h' -> 'E:/Мои работы/ОАиП/MyLib/Библиотека/LibForMe.h' (2,048) (User Action)
2024-10-08 00:03:54: < Скопировано поверх 'C:/programming/BSUIRLabs/ОАиП/Лабораторная работа №3-9/x64/Debug/Лабораторная работа №5.pdb' -> 'E:/Мои работы/ОАиП/Лабораторная работа №3-9/x64/Debug/Лабораторная работа №5.pdb' (1,404,928)
2024-10-08 00:03:54: Скопировано поверх 'C:/programming/BSUIRLabs/ОАиП/Лабораторная работа №3-9/Лабораторная работа №5/lab5.c' -> 'E:/Мои работы/ОАиП/Лабораторная работа №3-9/Лабораторная работа №5/lab5.c' (3,865)
2024-10-08 00:03:55: Скопирован новый 'C:/programming/BSUIRLabs/ОАиП/Лабораторная работа №3-9/Лабораторная работа №5/x64/Debug/lab5.obj.enc' -> 'E:/Мои работы/ОАиП/Лабораторная работа №3-9/Лабораторная работа №5/x64/Debug/lab5.obj.enc' (40,374)
2024-10-08 00:03:55: Скопировано поверх 'C:/programming/BSUIRLabs/ОАиП/Лабораторная работа №3-9/Лабораторная работа №5/x64/Debug/vc143.idb' -> 'E:/Мои работы/ОАиП/Лабораторная работа №3-9/Лабораторная работа №5/x64/Debug/vc143.idb' (93,184)
2024-10-08 00:03:55: Скопировано поверх 'C:/programming/BSUIRLabs/ОАиП/Лабораторная работа №3-9/Лабораторная работа №5/x64/Debug/lab5.obj' -> 'E:/Мои работы/ОАиП/Лабораторная работа №3-9/Лабораторная работа №5/x64/Debug/lab5.obj' (40,309)
2024-10-08 00:03:55: Скопировано поверх 'C:/programming/BSUIRLabs/ОАиП/Лабораторная работа №3-9/Лабораторная работа №5/x64/Debug/vc143.pdb' -> 'E:/Мои работы/ОАиП/Лабораторная работа №3-9/Лабораторная работа №5/x64/Debug/vc143.pdb' (86,016)
2024-10-08 00:03:55: Скопировано поверх 'C:/programming/BSUIRLabs/ОАиП/Лабораторная работа №3-9/Лабораторная работа №5/x64/Debug/Лабораторная работа №5.exe.recipe' -> 'E:/Мои работы/ОАиП/Лабораторная работа №3-9/Лабораторная работа №5/x64/Debug/Лабораторная работа №5.exe.recipe' (378)
2024-10-08 00:03:55: Скопировано поверх 'C:/programming/BSUIRLabs/ОАиП/Лабораторная работа №3-9/Лабораторная работа №5/x64/Debug/Лаборато.614af3f2.tlog/Cl.items.tlog' -> 'E:/Мои работы/ОАиП/Лабораторная работа №3-9/Лабораторная работа №5/x64/Debug/Лаборато.614af3f2.tlog/Cl.items.tlog' (271)
2024-10-08 00:03:55: Скопировано поверх 'C:/programming/BSUIRLabs/ОАиП/Лабораторная работа №3-9/Лабораторная работа №5/x64/Debug/Лаборато.614af3f2.tlog/CL.command.1.tlog' -> 'E:/Мои работы/ОАиП/Лабораторная работа №3-9/Лабораторная работа №5/x64/Debug/Лаборато.614af3f2.tlog/CL.command.1.tlog' (1,994)
2024-10-08 00:03:55: Удалён Файл E:/Мои работы/ОАиП/Лабораторная работа №3-9/Лабораторная работа №5/x64/Debug/Лаборато.614af3f2.tlog/link-cvtres.read.1.tlog
2024-10-08 00:03:55: Удалён Файл E:/Мои работы/ОАиП/Лабораторная работа №3-9/Лабораторная работа №5/x64/Debug/Лаборато.614af3f2.tlog/link-cvtres.write.1.tlog
2024-10-08 00:03:55: Скопировано поверх 'C:/programming/BSUIRLabs/ОАиП/Лабораторная работа №3-9/Лабораторная работа №5/x64/Debug/Лаборато.614af3f2.tlog/CL.read.1.tlog' -> 'E:/Мои работы/ОАиП/Лабораторная работа №3-9/Лабораторная работа №5/x64/Debug/Лаборато.614af3f2.tlog/CL.read.1.tlog' (5,114)
2024-10-08 00:03:55: Удалён Файл E:/Мои работы/ОАиП/Лабораторная работа №3-9/Лабораторная работа №5/x64/Debug/Лаборато.614af3f2.tlog/link-rc.read.1.tlog
2024-10-08 00:03:55: Удалён Файл E:/Мои работы/ОАиП/Лабораторная работа №3-9/Лабораторная работа №5/x64/Debug/Лаборато.614af3f2.tlog/link-rc.write.1.tlog
2024-10-08 00:03:55: Скопировано поверх 'C:/programming/BSUIRLabs/ОАиП/Лабораторная работа №3-9/Лабораторная работа №5/x64/Debug/Лаборато.614af3f2.tlog/CL.write.1.tlog' -> 'E:/Мои работы/ОАиП/Лабораторная работа №3-9/Лабораторная работа №5/x64/Debug/Лаборато.614af3f2.tlog/CL.write.1.tlog' (768)
2024-10-08 00:03:55: Удалён Файл E:/Мои работы/ОАиП/Лабораторная работа №3-9/Лабораторная работа №5/x64/Debug/Лаборато.614af3f2.tlog/link.18060-cvtres.write.1.tlog
2024-10-08 00:03:55: Удалён Файл E:/Мои работы/ОАиП/Лабораторная работа №3-9/Лабораторная работа №5/x64/Debug/Лаборато.614af3f2.tlog/link.18060-cvtres.read.1.tlog
2024-10-08 00:03:55: Удалён Файл E:/Мои работы/ОАиП/Лабораторная работа №3-9/Лабораторная работа №5/x64/Debug/Лаборато.614af3f2.tlog/link.18060-rc.read.1.tlog
2024-10-08 00:03:55: Удалён Файл E:/Мои работы/ОАиП/Лабораторная работа №3-9/Лабораторная работа №5/x64/Debug/Лаборато.614af3f2.tlog/link.18060-rc.write.1.tlog
2024-10-08 00:03:55: Удалён Файл E:/Мои работы/ОАиП/Лабораторная работа №3-9/Лабораторная работа №5/x64/Debug/Лаборато.614af3f2.tlog/link.18060.read.1.tlog
2024-10-08 00:03:55: Удалён Файл E:/Мои работы/ОАиП/Лабораторная работа №3-9/Лабораторная работа №5/x64/Debug/Лаборато.614af3f2.tlog/link.18060.read.2.tlog
2024-10-08 00:03:55: Удалён Файл E:/Мои работы/ОАиП/Лабораторная работа №3-9/Лабораторная работа №5/x64/Debug/Лаборато.614af3f2.tlog/link.18060.write.1.tlog
2024-10-08 00:03:55: Удалён Файл E:/Мои работы/ОАиП/Лабораторная работа №3-9/Лабораторная работа №5/x64/Debug/Лаборато.614af3f2.tlog/link.read.2.tlog
2024-10-08 00:03:55: Скопировано поверх 'C:/programming/BSUIRLabs/ОАиП/Лабораторная работа №3-9/Лабораторная работа №5/x64/Debug/Лаборато.614af3f2.tlog/link.read.1.tlog' -> 'E:/Мои работы/ОАиП/Лабораторная работа №3-9/Лабораторная работа №5/x64/Debug/Лаборато.614af3f2.tlog/link.read.1.tlog' (3,352)
2024-10-08 00:03:55: Скопировано поверх 'C:/programming/BSUIRLabs/ОАиП/Лабораторная работа №3-9/Лабораторная работа №5/x64/Debug/Лаборато.614af3f2.tlog/link.command.1.tlog' -> 'E:/Мои работы/ОАиП/Лабораторная работа №3-9/Лабораторная работа №5/x64/Debug/Лаборато.614af3f2.tlog/link.command.1.tlog' (1,546)
2024-10-08 00:03:55: Удалён Файл E:/Мои работы/ОАиП/Лабораторная работа №3-9/Лабораторная работа №5/x64/Debug/Лаборато.614af3f2.tlog/unsuccessfulbuild
2024-10-08 00:03:55: Скопировано поверх 'C:/programming/BSUIRLabs/ОАиП/Лабораторная работа №3-9/Лабораторная работа №5/x64/Debug/Лаборато.614af3f2.tlog/link.secondary.1.tlog' -> 'E:/Мои работы/ОАиП/Лабораторная работа №3-9/Лабораторная работа №5/x64/Debug/Лаборато.614af3f2.tlog/link.secondary.1.tlog' (323)
2024-10-08 00:03:55: > Скопирован новый 'C:/programming/BSUIRLabs/ОАиП/Лабораторная работа №3-9/Лабораторная работа №5/x64/Debug/Лабораторная работа №5.ilk' -> 'E:/Мои работы/ОАиП/Лабораторная работа №3-9/Лабораторная работа №5/x64/Debug/Лабораторная работа №5.ilk' (1,178,608)
2024-10-08 00:03:55: Скопировано поверх 'C:/programming/BSUIRLabs/ОАиП/Лабораторная работа №3-9/Лабораторная работа №5/x64/Debug/Лаборато.614af3f2.tlog/link.write.1.tlog' -> 'E:/Мои работы/ОАиП/Лабораторная работа №3-9/Лабораторная работа №5/x64/Debug/Лаборато.614af3f2.tlog/link.write.1.tlog' (572)
2024-10-08 00:03:55: < Скопирован новый 'C:/programming/BSUIRLabs/ОАиП/Лабораторная работа №3-9/Лабораторная работа №5/x64/Debug/Лабораторная работа №5.ilk' -> 'E:/Мои работы/ОАиП/Лабораторная работа №3-9/Лабораторная работа №5/x64/Debug/Лабораторная работа №5.ilk' (1,178,608)
2024-10-08 00:03:55: Скопировано поверх 'C:/programming/BSUIRLabs/ОАиП/Лабораторная работа №3-9/Лабораторная работа №5/x64/Debug/Лаборато.614af3f2.tlog/Лабораторная работа №5.lastbuildstate' -> 'E:/Мои работы/ОАиП/Лабораторная работа №3-9/Лабораторная работа №5/x64/Debug/Лаборато.614af3f2.tlog/Лабораторная работа №5.lastbuildstate' (208)
2024-10-08 00:03:55: Скопировано поверх 'C:/programming/BSUIRLabs/ОАиП/Лабораторная работа №3-9/Лабораторная работа №5/x64/Debug/Лабораторная работа №5.log' -> 'E:/Мои работы/ОАиП/Лабораторная работа №3-9/Лабораторная работа №5/x64/Debug/Лабораторная работа №5.log' (4,293)
2024-10-08 00:03:55: Сохраняю файл состояний E:/Мои работы/ОАиП/_gsdata_/_file_state_v4._gs
2024-10-08 00:03:55: Сохраняю файл состояний C:/programming/BSUIRLabs/ОАиП/_gsdata_/_file_state_v4._gs
2024-10-08 00:03:55: ===== Синхронизация завершена. Время 00:00:03, Скорость: 595.55 KB/s файлов/сек =====, Синхронизировано: 33, Ошибок: 0
