2024-10-05 18:31:47: -- Analysis Started by User Command
2024-10-05 18:31:47: Слева: Читаю файл состояний E:/Мои работы/ОАиП/_gsdata_/_file_state_v4._gs
2024-10-05 18:31:47: Слева: State file does not exist: E:/Мои работы/ОАиП/_gsdata_/_file_state_v4._gs
2024-10-05 18:31:47: Справа: Читаю файл состояний C:/programming/BSUIRLabs/ОАиП/_gsdata_/_file_state_v4._gs
2024-10-05 18:31:47: Справа: State file does not exist: C:/programming/BSUIRLabs/ОАиП/_gsdata_/_file_state_v4._gs
2024-10-05 18:31:47: /MyLib/Библиотека/LibForMe.h: Конфликт: Новые файлы, которые отличаются
2024-10-05 18:31:47: /Лабораторная работа №3-9/Лабораторная работа №4/Lab4.c: Конфликт: Новые файлы, которые отличаются
2024-10-05 18:31:47: /Лабораторная работа №3-9/Лабораторная работа №4/Лабораторная работа №4.vcxproj: Конфликт: Новые файлы, которые отличаются
2024-10-05 18:31:47: /Лабораторная работа №3-9/Лабораторная работа №5/lab5.c: Конфликт: Новые файлы, которые отличаются
2024-10-05 18:31:47: /Лабораторная работа №3-9/Лабораторная работа №5/x64/Debug/lab5.obj: Конфликт: Новые файлы, которые отличаются
2024-10-05 18:31:47: /Лабораторная работа №3-9/Лабораторная работа №5/x64/Debug/vc143.idb: Конфликт: Новые файлы, которые отличаются
2024-10-05 18:31:47: /Лабораторная работа №3-9/Лабораторная работа №5/x64/Debug/vc143.pdb: Конфликт: Новые файлы, которые отличаются
2024-10-05 18:31:47: /Лабораторная работа №3-9/Лабораторная работа №5/x64/Debug/Лаборато.614af3f2.tlog/CL.command.1.tlog: Конфликт: Новые файлы, которые отличаются
2024-10-05 18:31:47: /Лабораторная работа №3-9/Лабораторная работа №5/x64/Debug/Лаборато.614af3f2.tlog/Cl.items.tlog: Конфликт: Новые файлы, которые отличаются
2024-10-05 18:31:47: /Лабораторная работа №3-9/Лабораторная работа №5/x64/Debug/Лаборато.614af3f2.tlog/CL.read.1.tlog: Конфликт: Новые файлы, которые отличаются
2024-10-05 18:31:47: /Лабораторная работа №3-9/Лабораторная работа №5/x64/Debug/Лаборато.614af3f2.tlog/CL.write.1.tlog: Конфликт: Новые файлы, которые отличаются
2024-10-05 18:31:47: /Лабораторная работа №3-9/Лабораторная работа №5/x64/Debug/Лаборато.614af3f2.tlog/link.command.1.tlog: Конфликт: Новые файлы, которые отличаются
2024-10-05 18:31:47: /Лабораторная работа №3-9/Лабораторная работа №5/x64/Debug/Лаборато.614af3f2.tlog/link.read.1.tlog: Конфликт: Новые файлы, которые отличаются
2024-10-05 18:31:47: /Лабораторная работа №3-9/Лабораторная работа №5/x64/Debug/Лаборато.614af3f2.tlog/link.secondary.1.tlog: Конфликт: Новые файлы, которые отличаются
2024-10-05 18:31:47: /Лабораторная работа №3-9/Лабораторная работа №5/x64/Debug/Лаборато.614af3f2.tlog/link.write.1.tlog: Конфликт: Новые файлы, которые отличаются
2024-10-05 18:31:47: /Лабораторная работа №3-9/Лабораторная работа №5/x64/Debug/Лаборато.614af3f2.tlog/Лабораторная работа №5.lastbuildstate: Конфликт: Новые файлы, которые отличаются
2024-10-05 18:31:47: /Лабораторная работа №3-9/Лабораторная работа №5/x64/Debug/Лабораторная работа №5.exe.recipe: Конфликт: Новые файлы, которые отличаются
2024-10-05 18:31:47: /Лабораторная работа №3-9/Лабораторная работа №5/x64/Debug/Лабораторная работа №5.ilk: Конфликт: Новые файлы, которые отличаются
2024-10-05 18:31:47: /Лабораторная работа №3-9/Лабораторная работа №5/x64/Debug/Лабораторная работа №5.log: Конфликт: Новые файлы, которые отличаются
2024-10-05 18:31:47: /Лабораторная работа №3-9/Лабораторная работа №5/Лабораторная работа №5.vcxproj: Конфликт: Новые файлы, которые отличаются
2024-10-05 18:31:47: /Лабораторная работа №3-9/Лабораторные работы №3/Лабораторные работы №3-9.vcxproj: Конфликт: Новые файлы, которые отличаются
2024-10-05 18:31:47: Исключите конфликты выбором правильного направления синхронизации
2024-10-05 18:31:47: Изменений: 37, Конфликтов: 21, Копий Времени: 0, Копий Состояния: 156, Ошибок: 0, All: 200
2024-10-05 18:31:47: Left to Right: Copy File: 16 
2024-10-05 18:31:47: ----- Анализ завершён. Время 00:00:01, Скорость: 200 файлов/сек -----
