  lab5.c
E:\Мои работы\ОАиП\MyLib\Библиотека\LibForMe.h(15,19): warning C4267: =: преобразование из "size_t" в "int"; возможна потеря данных
  (компиляция исходного файла "lab5.c")
  
E:\Мои работы\ОАиП\MyLib\Библиотека\LibForMe.h(42,19): warning C4267: =: преобразование из "size_t" в "int"; возможна потеря данных
  (компиляция исходного файла "lab5.c")
  
E:\Мои работы\ОАиП\MyLib\Библиотека\LibForMe.h(53,3): warning C4013: isDigit: нет определения; предполагается "extern" с возвратом типа "int"
  (компиляция исходного файла "lab5.c")
  
E:\Мои работы\ОАиП\MyLib\Библиотека\LibForMe.h(63,7): warning C4142: "isDigit": неопасное переопределение типа
  (компиляция исходного файла "lab5.c")
  
E:\Мои работы\ОАиП\MyLib\Библиотека\LibForMe.h(70,19): warning C4267: =: преобразование из "size_t" в "int"; возможна потеря данных
  (компиляция исходного файла "lab5.c")
  
C:\programming\BSUIRLabs\ОАиП\Лабораторная работа №3-9\Лабораторная работа №5\lab5.c(14,9): warning C4013: mainMenu: нет определения; предполагается "extern" с возвратом типа "int"
C:\programming\BSUIRLabs\ОАиП\Лабораторная работа №3-9\Лабораторная работа №5\lab5.c(30,3): warning C4013: sqrMassive: нет определения; предполагается "extern" с возвратом типа "int"
C:\programming\BSUIRLabs\ОАиП\Лабораторная работа №3-9\Лабораторная работа №5\lab5.c(33,3): warning C4013: maxSqrMassive: нет определения; предполагается "extern" с возвратом типа "int"
C:\programming\BSUIRLabs\ОАиП\Лабораторная работа №3-9\Лабораторная работа №5\lab5.c(139,18): warning C4013: swapRows: нет определения; предполагается "extern" с возвратом типа "int"
C:\programming\BSUIRLabs\ОАиП\Лабораторная работа №3-9\Лабораторная работа №5\lab5.c(110,6): warning C4101: counter: неиспользованная локальная переменная
C:\programming\BSUIRLabs\ОАиП\Лабораторная работа №3-9\Лабораторная работа №5\lab5.c(110,29): warning C4101: row: неиспользованная локальная переменная
E:\Мои работы\ОАиП\MyLib\Библиотека\LibForMe.h(89,1): warning C4715: isDigit: значение возвращается не при всех путях выполнения
E:\Мои работы\ОАиП\MyLib\Библиотека\LibForMe.h(34,1): warning C4715: isNatural: значение возвращается не при всех путях выполнения
E:\Мои работы\ОАиП\MyLib\Библиотека\LibForMe.h(61,1): warning C4715: isInteger: значение возвращается не при всех путях выполнения
C:\programming\BSUIRLabs\ОАиП\Лабораторная работа №3-9\Лабораторная работа №5\lab5.c(105,1): warning C4716: sqrMassive: должна возвращать значение
C:\programming\BSUIRLabs\ОАиП\Лабораторная работа №3-9\Лабораторная работа №5\lab5.c(160,1): warning C4716: swapRows: должна возвращать значение
C:\programming\BSUIRLabs\ОАиП\Лабораторная работа №3-9\Лабораторная работа №5\lab5.c(152,1): warning C4716: maxSqrMassive: должна возвращать значение
  Лабораторная работа №5.vcxproj -> C:\programming\BSUIRLabs\ОАиП\Лабораторная работа №3-9\x64\Debug\Лабораторная работа №5.exe
