  lab8.c
D:\Мои работы\ОАиП\MyLib\Библиотека\LibForMe.h(35,6): warning C4101: nat: неиспользованная локальная переменная
  (компиляция исходного файла "lab8.c")
  
D:\Мои работы\ОАиП\Лабораторная работа №3-9\Лабараторная работа №8\lab8.c(52,3): warning C4013: mainMenu: нет определения; предполагается "extern" с возвратом типа "int"
D:\Мои работы\ОАиП\Лабораторная работа №3-9\Лабараторная работа №8\lab8.c(103,4): warning C4013: cinema: нет определения; предполагается "extern" с возвратом типа "int"
D:\Мои работы\ОАиП\Лабораторная работа №3-9\Лабараторная работа №8\lab8.c(171,3): warning C4013: inputStruct: нет определения; предполагается "extern" с возвратом типа "int"
D:\Мои работы\ОАиП\Лабораторная работа №3-9\Лабараторная работа №8\lab8.c(176,3): warning C4013: sorting: нет определения; предполагается "extern" с возвратом типа "int"
D:\Мои работы\ОАиП\Лабораторная работа №3-9\Лабараторная работа №8\lab8.c(181,3): warning C4013: finder: нет определения; предполагается "extern" с возвратом типа "int"
D:\Мои работы\ОАиП\Лабораторная работа №3-9\Лабараторная работа №8\lab8.c(186,3): warning C4013: remaking: нет определения; предполагается "extern" с возвратом типа "int"
D:\Мои работы\ОАиП\Лабораторная работа №3-9\Лабараторная работа №8\lab8.c(191,3): warning C4013: deleting: нет определения; предполагается "extern" с возвратом типа "int"
D:\Мои работы\ОАиП\Лабораторная работа №3-9\Лабараторная работа №8\lab8.c(196,3): warning C4013: outputStruct: нет определения; предполагается "extern" с возвратом типа "int"
D:\Мои работы\ОАиП\Лабораторная работа №3-9\Лабараторная работа №8\lab8.c(422,10): warning C4477: "printf": в строке форматирования "%s" требуется аргумент типа "char *", но вариативный аргумент "1" имеет тип "int"
D:\Мои работы\ОАиП\Лабораторная работа №3-9\Лабараторная работа №8\lab8.c(430,10): warning C4477: "printf": в строке форматирования "%s" требуется аргумент типа "char *", но вариативный аргумент "1" имеет тип "double"
D:\Мои работы\ОАиП\Лабораторная работа №3-9\Лабараторная работа №8\lab8.c(435,10): warning C4477: "printf": в строке форматирования "%s" требуется аргумент типа "char *", но вариативный аргумент "1" имеет тип "int"
D:\Мои работы\ОАиП\Лабораторная работа №3-9\Лабараторная работа №8\lab8.c(438,10): warning C4477: "printf": в строке форматирования "%s" требуется аргумент типа "char *", но вариативный аргумент "1" имеет тип "int"
D:\Мои работы\ОАиП\Лабораторная работа №3-9\Лабараторная работа №8\lab8.c(393,1): warning C4715: finder: значение возвращается не при всех путях выполнения
D:\Мои работы\ОАиП\Лабораторная работа №3-9\Лабараторная работа №8\lab8.c(452,1): warning C4715: remaking: значение возвращается не при всех путях выполнения
D:\Мои работы\ОАиП\Лабораторная работа №3-9\Лабараторная работа №8\lab8.c(313,1): warning C4715: sorting: значение возвращается не при всех путях выполнения
D:\Мои работы\ОАиП\Лабораторная работа №3-9\Лабараторная работа №8\lab8.c(240,1): warning C4716: inputStruct: должна возвращать значение
D:\Мои работы\ОАиП\Лабораторная работа №3-9\Лабараторная работа №8\lab8.c(467,1): warning C4716: deleting: должна возвращать значение
D:\Мои работы\ОАиП\Лабораторная работа №3-9\Лабараторная работа №8\lab8.c(490,1): warning C4716: outputStruct: должна возвращать значение
  Лабараторная работа №8.vcxproj -> D:\Мои работы\ОАиП\Лабораторная работа №3-9\Debug\Лабoраторная работа №8.exe
