  lab8.c
E:\Мои работы\ОАиП\MyLib\Библиотека\LibForMe.h(35,6): warning C4101: nat: неиспользованная локальная переменная
  (компиляция исходного файла "lab8.c")
  
E:\Мои работы\ОАиП\Лабораторная работа №3-9\Лабараторная работа №8\lab8.c(36,9): warning C4013: mainMenu: нет определения; предполагается "extern" с возвратом типа "int"
E:\Мои работы\ОАиП\Лабораторная работа №3-9\Лабараторная работа №8\lab8.c(47,6): warning C4013: inputNatural: нет определения; предполагается "extern" с возвратом типа "int"
E:\Мои работы\ОАиП\Лабораторная работа №3-9\Лабараторная работа №8\lab8.c(52,10): warning C4013: cinema: нет определения; предполагается "extern" с возвратом типа "int"
E:\Мои работы\ОАиП\Лабораторная работа №3-9\Лабараторная работа №8\lab8.c(87,3): warning C4013: inputStruct: нет определения; предполагается "extern" с возвратом типа "int"
E:\Мои работы\ОАиП\Лабораторная работа №3-9\Лабараторная работа №8\lab8.c(92,3): warning C4013: sorting: нет определения; предполагается "extern" с возвратом типа "int"
E:\Мои работы\ОАиП\Лабораторная работа №3-9\Лабараторная работа №8\lab8.c(97,3): warning C4013: finder: нет определения; предполагается "extern" с возвратом типа "int"
E:\Мои работы\ОАиП\Лабораторная работа №3-9\Лабараторная работа №8\lab8.c(102,3): warning C4013: remaking: нет определения; предполагается "extern" с возвратом типа "int"
E:\Мои работы\ОАиП\Лабораторная работа №3-9\Лабараторная работа №8\lab8.c(111,3): warning C4013: outputStruct: нет определения; предполагается "extern" с возвратом типа "int"
E:\Мои работы\ОАиП\Лабораторная работа №3-9\Лабараторная работа №8\lab8.c(138,18): warning C4013: inputInteger: нет определения; предполагается "extern" с возвратом типа "int"
E:\Мои работы\ОАиП\Лабораторная работа №3-9\Лабараторная работа №8\lab8.c(149,18): warning C4013: inputDigit: нет определения; предполагается "extern" с возвратом типа "int"
E:\Мои работы\ОАиП\Лабораторная работа №3-9\Лабараторная работа №8\lab8.c(149,18): warning C4244: =: преобразование "int" в "float", возможна потеря данных
E:\Мои работы\ОАиП\Лабораторная работа №3-9\Лабараторная работа №8\lab8.c(336,10): warning C4477: "printf": в строке форматирования "%s" требуется аргумент типа "char *", но вариативный аргумент "1" имеет тип "int"
E:\Мои работы\ОАиП\Лабораторная работа №3-9\Лабараторная работа №8\lab8.c(336,10): warning C4313: printf: конфликт "%s" в строке формата с аргументом 1 типа "int"
E:\Мои работы\ОАиП\Лабораторная работа №3-9\Лабараторная работа №8\lab8.c(343,20): warning C4244: =: преобразование "int" в "float", возможна потеря данных
E:\Мои работы\ОАиП\Лабораторная работа №3-9\Лабараторная работа №8\lab8.c(349,10): warning C4477: "printf": в строке форматирования "%s" требуется аргумент типа "char *", но вариативный аргумент "1" имеет тип "int"
E:\Мои работы\ОАиП\Лабораторная работа №3-9\Лабараторная работа №8\lab8.c(349,10): warning C4313: printf: конфликт "%s" в строке формата с аргументом 1 типа "int"
E:\Мои работы\ОАиП\Лабораторная работа №3-9\Лабараторная работа №8\lab8.c(352,10): warning C4477: "printf": в строке форматирования "%s" требуется аргумент типа "char *", но вариативный аргумент "1" имеет тип "int"
E:\Мои работы\ОАиП\Лабораторная работа №3-9\Лабараторная работа №8\lab8.c(352,10): warning C4313: printf: конфликт "%s" в строке формата с аргументом 1 типа "int"
E:\Мои работы\ОАиП\Лабораторная работа №3-9\Лабараторная работа №8\lab8.c(313,8): warning C4101: buff1: неиспользованная локальная переменная
E:\Мои работы\ОАиП\Лабораторная работа №3-9\Лабараторная работа №8\lab8.c(312,6): warning C4101: buff: неиспользованная локальная переменная
E:\Мои работы\ОАиП\Лабораторная работа №3-9\Лабараторная работа №8\lab8.c(314,7): warning C4101: buff2: неиспользованная локальная переменная
E:\Мои работы\ОАиП\Лабораторная работа №3-9\Лабараторная работа №8\lab8.c(399,29): warning C4267: =: преобразование из "size_t" в "int"; возможна потеря данных
E:\Мои работы\ОАиП\Лабораторная работа №3-9\Лабараторная работа №8\lab8.c(425,29): warning C4267: =: преобразование из "size_t" в "int"; возможна потеря данных
E:\Мои работы\ОАиП\Лабораторная работа №3-9\Лабараторная работа №8\lab8.c(440,7): warning C4142: "inputDigit": неопасное переопределение типа
E:\Мои работы\ОАиП\Лабораторная работа №3-9\Лабараторная работа №8\lab8.c(448,29): warning C4267: =: преобразование из "size_t" в "int"; возможна потеря данных
  Создание кода
E:\Мои работы\ОАиП\Лабораторная работа №3-9\Лабараторная работа №8\lab8.c(155): warning C4716: inputStruct: должна возвращать значение
E:\Мои работы\ОАиП\Лабораторная работа №3-9\Лабараторная работа №8\lab8.c(366): warning C4716: remaking: должна возвращать значение
  5 of 22 functions (22.7%) were compiled, the rest were copied from previous compilation.
    0 functions were new in current compilation
    3 functions had inline decision re-evaluated but remain unchanged
  Создание кода завершено
  Лабараторная работа №8.vcxproj -> E:\Мои работы\ОАиП\Лабораторная работа №3-9\x64\Release\Лабoраторная работа №8.exe
