e:\мои работы\оаип\лабораторная работа №3-9\лабораторная работа №5\x64\debug\vc143.pdb
e:\мои работы\оаип\лабораторная работа №3-9\лабораторная работа №5\x64\debug\vc143.idb
e:\мои работы\оаип\лабораторная работа №3-9\лабораторная работа №5\x64\debug\lab5.obj
e:\мои работы\оаип\лабораторная работа №3-9\x64\debug\лабораторная работа №5.exe
e:\мои работы\оаип\лабораторная работа №3-9\x64\debug\лабораторная работа №5.pdb
e:\мои работы\оаип\лабораторная работа №3-9\лабораторная работа №5\x64\debug\лабораторная работа №5.ilk
c:\programming\bsuirlabs\оаип\лабораторная работа №3-9\лабораторная работа №5\x64\debug\lab5.obj
c:\programming\bsuirlabs\оаип\лабораторная работа №3-9\лабораторная работа №5\x64\debug\lab5.obj.enc
c:\programming\bsuirlabs\оаип\лабораторная работа №3-9\лабораторная работа №5\x64\debug\лабораторная работа №5.ilk
c:\programming\bsuirlabs\оаип\лабораторная работа №3-9\лабораторная работа №5\x64\debug\vc143.idb
c:\programming\bsuirlabs\оаип\лабораторная работа №3-9\лабораторная работа №5\x64\debug\vc143.pdb
c:\programming\bsuirlabs\оаип\лабораторная работа №3-9\x64\debug\лабораторная работа №5.pdb
c:\programming\bsuirlabs\оаип\лабораторная работа №3-9\x64\debug\лабораторная работа №5.exe
c:\programming\bsuirlabs\оаип\лабораторная работа №3-9\лабораторная работа №5\x64\debug\лаборато.614af3f2.tlog\cl.command.1.tlog
c:\programming\bsuirlabs\оаип\лабораторная работа №3-9\лабораторная работа №5\x64\debug\лаборато.614af3f2.tlog\cl.items.tlog
c:\programming\bsuirlabs\оаип\лабораторная работа №3-9\лабораторная работа №5\x64\debug\лаборато.614af3f2.tlog\cl.read.1.tlog
c:\programming\bsuirlabs\оаип\лабораторная работа №3-9\лабораторная работа №5\x64\debug\лаборато.614af3f2.tlog\cl.write.1.tlog
c:\programming\bsuirlabs\оаип\лабораторная работа №3-9\лабораторная работа №5\x64\debug\лаборато.614af3f2.tlog\link.command.1.tlog
c:\programming\bsuirlabs\оаип\лабораторная работа №3-9\лабораторная работа №5\x64\debug\лаборато.614af3f2.tlog\link.read.1.tlog
c:\programming\bsuirlabs\оаип\лабораторная работа №3-9\лабораторная работа №5\x64\debug\лаборато.614af3f2.tlog\link.secondary.1.tlog
c:\programming\bsuirlabs\оаип\лабораторная работа №3-9\лабораторная работа №5\x64\debug\лаборато.614af3f2.tlog\link.write.1.tlog
