e:\мои работы\оаип\лабораторная работа №3-9\лабораторная работа №4\x64\debug\vc143.pdb
e:\мои работы\оаип\лабораторная работа №3-9\лабораторная работа №4\x64\debug\vc143.idb
e:\мои работы\оаип\лабораторная работа №3-9\лабораторная работа №4\x64\debug\lab4.obj
e:\мои работы\оаип\лабораторная работа №3-9\x64\debug\лабораторная работа №4.exe
e:\мои работы\оаип\лабораторная работа №3-9\x64\debug\лабораторная работа №4.pdb
e:\мои работы\оаип\лабораторная работа №3-9\лабораторная работа №4\x64\debug\лабораторная работа №4.ilk
c:\programming\bsuirlabs\оаип\лабораторная работа №3-9\лабораторная работа №4\x64\debug\lab4.obj
c:\programming\bsuirlabs\оаип\лабораторная работа №3-9\лабораторная работа №4\x64\debug\lab4.obj.enc
c:\programming\bsuirlabs\оаип\лабораторная работа №3-9\лабораторная работа №4\x64\debug\лабораторная работа №4.ilk
c:\programming\bsuirlabs\оаип\лабораторная работа №3-9\лабораторная работа №4\x64\debug\vc143.idb
c:\programming\bsuirlabs\оаип\лабораторная работа №3-9\лабораторная работа №4\x64\debug\vc143.pdb
c:\programming\bsuirlabs\оаип\лабораторная работа №3-9\x64\debug\лабораторная работа №4.pdb
c:\programming\bsuirlabs\оаип\лабораторная работа №3-9\x64\debug\лабораторная работа №4.exe
c:\programming\bsuirlabs\оаип\лабораторная работа №3-9\лабораторная работа №4\x64\debug\лаборато.85db842d.tlog\cl.command.1.tlog
c:\programming\bsuirlabs\оаип\лабораторная работа №3-9\лабораторная работа №4\x64\debug\лаборато.85db842d.tlog\cl.items.tlog
c:\programming\bsuirlabs\оаип\лабораторная работа №3-9\лабораторная работа №4\x64\debug\лаборато.85db842d.tlog\cl.read.1.tlog
c:\programming\bsuirlabs\оаип\лабораторная работа №3-9\лабораторная работа №4\x64\debug\лаборато.85db842d.tlog\cl.write.1.tlog
c:\programming\bsuirlabs\оаип\лабораторная работа №3-9\лабораторная работа №4\x64\debug\лаборато.85db842d.tlog\link.command.1.tlog
c:\programming\bsuirlabs\оаип\лабораторная работа №3-9\лабораторная работа №4\x64\debug\лаборато.85db842d.tlog\link.read.1.tlog
c:\programming\bsuirlabs\оаип\лабораторная работа №3-9\лабораторная работа №4\x64\debug\лаборато.85db842d.tlog\link.secondary.1.tlog
c:\programming\bsuirlabs\оаип\лабораторная работа №3-9\лабораторная работа №4\x64\debug\лаборато.85db842d.tlog\link.write.1.tlog
