C:\Program Files\Microsoft Visual Studio\2022\Community\MSBuild\Microsoft\VC\v170\Microsoft.CppBuild.targets(531,5): warning MSB8028: промежуточный каталог (x64\Debug\) содержит файлы, которые используются совместно с другим проектом (Лабараторная работа №8.vcxproj).  Это может привести к ошибкам очистки и перестроения.
  lab8.c
C:\Programming\BSUIRLabs\ОАиП\MyLib\Библиотека\LibForMe.h(30,6): warning C4101: nat: неиспользованная локальная переменная
  (компиляция исходного файла "lab8.c")
  
C:\Programming\BSUIRLabs\ОАиП\Лабораторная работа №1-9\Лабораторная работа №8\lab8.c(20,29): warning C4267: =: преобразование из "size_t" в "int"; возможна потеря данных
C:\Programming\BSUIRLabs\ОАиП\Лабораторная работа №1-9\Лабораторная работа №8\lab8.c(35,3): warning C4013: mainMenu: нет определения; предполагается "extern" с возвратом типа "int"
C:\Programming\BSUIRLabs\ОАиП\Лабораторная работа №1-9\Лабораторная работа №8\lab8.c(48,29): warning C4267: =: преобразование из "size_t" в "int"; возможна потеря данных
C:\Programming\BSUIRLabs\ОАиП\Лабораторная работа №1-9\Лабораторная работа №8\lab8.c(73,29): warning C4267: =: преобразование из "size_t" в "int"; возможна потеря данных
C:\Programming\BSUIRLabs\ОАиП\Лабораторная работа №1-9\Лабораторная работа №8\lab8.c(88,4): warning C4013: cinema: нет определения; предполагается "extern" с возвратом типа "int"
C:\Programming\BSUIRLabs\ОАиП\Лабораторная работа №1-9\Лабораторная работа №8\lab8.c(172,3): warning C4013: inputStruct: нет определения; предполагается "extern" с возвратом типа "int"
C:\Programming\BSUIRLabs\ОАиП\Лабораторная работа №1-9\Лабораторная работа №8\lab8.c(177,3): warning C4013: sorting: нет определения; предполагается "extern" с возвратом типа "int"
C:\Programming\BSUIRLabs\ОАиП\Лабораторная работа №1-9\Лабораторная работа №8\lab8.c(182,3): warning C4013: finder: нет определения; предполагается "extern" с возвратом типа "int"
C:\Programming\BSUIRLabs\ОАиП\Лабораторная работа №1-9\Лабораторная работа №8\lab8.c(187,3): warning C4013: remaking: нет определения; предполагается "extern" с возвратом типа "int"
C:\Programming\BSUIRLabs\ОАиП\Лабораторная работа №1-9\Лабораторная работа №8\lab8.c(192,3): warning C4013: deleting: нет определения; предполагается "extern" с возвратом типа "int"
C:\Programming\BSUIRLabs\ОАиП\Лабораторная работа №1-9\Лабораторная работа №8\lab8.c(197,3): warning C4013: outputStruct: нет определения; предполагается "extern" с возвратом типа "int"
C:\Programming\BSUIRLabs\ОАиП\Лабораторная работа №1-9\Лабораторная работа №8\lab8.c(356,14): warning C4244: инициализация: преобразование "float" в "int", возможна потеря данных
C:\Programming\BSUIRLabs\ОАиП\Лабораторная работа №1-9\Лабораторная работа №8\lab8.c(241,1): warning C4716: inputStruct: должна возвращать значение
C:\Programming\BSUIRLabs\ОАиП\Лабораторная работа №1-9\Лабораторная работа №8\lab8.c(314,1): warning C4715: sorting: значение возвращается не при всех путях выполнения
C:\Programming\BSUIRLabs\ОАиП\Лабораторная работа №1-9\Лабораторная работа №8\lab8.c(468,1): warning C4716: deleting: должна возвращать значение
C:\Programming\BSUIRLabs\ОАиП\Лабораторная работа №1-9\Лабораторная работа №8\lab8.c(453,1): warning C4715: remaking: значение возвращается не при всех путях выполнения
C:\Programming\BSUIRLabs\ОАиП\Лабораторная работа №1-9\Лабораторная работа №8\lab8.c(394,1): warning C4715: finder: значение возвращается не при всех путях выполнения
C:\Programming\BSUIRLabs\ОАиП\Лабораторная работа №1-9\Лабораторная работа №8\lab8.c(491,1): warning C4716: outputStruct: должна возвращать значение
  Лабораторная работа №8.vcxproj -> C:\Programming\BSUIRLabs\ОАиП\Лабораторная работа №1-9\x64\Debug\Лабoраторная работа №8.exe
